# JRE version: OpenJDK Runtime Environment Temurin-21.0.7+6 (21.0.7+6) (build 21.0.7+6-LTS)
# Java VM: OpenJDK 64-Bit Server VM Temurin-21.0.7+6 (21.0.7+6-LTS, mixed mode, sharing, tiered, compressed oops, compressed class ptrs, parallel gc, windows-amd64)
GC Precious Log:
 CardTable entry size: 512
 CPUs: 12 total, 12 available
 Memory: 16122M
 Large Page Support: Disabled
 NUMA Support: Disabled
 Compressed Oops: Enabled (32-bit)
 Alignments: Space 512K, Generation 512K, Heap 2M
 Heap Min Capacity: 100M
 Heap Initial Capacity: 100M
 Heap Max Capacity: 1G
 Pre-touch: Disabled
 Parallel Workers: 10
Heap:
 PSYoungGen      total 19968K, used 15833K [0x00000000eab00000, 0x00000000ec300000, 0x0000000100000000)
  eden space 17408K, 76% used [0x00000000eab00000,0x00000000eb8008e0,0x00000000ebc00000)
  from space 2560K, 98% used [0x00000000ebc00000,0x00000000ebe75e30,0x00000000ebe80000)
  to   space 3584K, 0% used [0x00000000ebf80000,0x00000000ebf80000,0x00000000ec300000)
 ParOldGen       total 68608K, used 33877K [0x00000000c0000000, 0x00000000c4300000, 0x00000000eab00000)
  object space 68608K, 49% used [0x00000000c0000000,0x00000000c2115470,0x00000000c4300000)
 Metaspace       used 43264K, committed 44352K, reserved 1114112K
  class space    used 4245K, committed 4736K, reserved 1048576K
GC Heap History (20 events):
Event: 6.139 GC heap before
{Heap before GC invocations=16 (full 1):
 PSYoungGen      total 24064K, used 23648K [0x00000000eab00000, 0x00000000ec600000, 0x0000000100000000)
  eden space 21504K, 100% used [0x00000000eab00000,0x00000000ec000000,0x00000000ec000000)
  from space 2560K, 83% used [0x00000000ec380000,0x00000000ec598000,0x00000000ec600000)
  to   space 2560K, 0% used [0x00000000ec000000,0x00000000ec000000,0x00000000ec280000)
 ParOldGen       total 68608K, used 22691K [0x00000000c0000000, 0x00000000c4300000, 0x00000000eab00000)
  object space 68608K, 33% used [0x00000000c0000000,0x00000000c1628e08,0x00000000c4300000)
 Metaspace       used 32173K, committed 33024K, reserved 1114112K
  class space    used 3144K, committed 3520K, reserved 1048576K
}
Event: 6.141 GC heap after
{Heap after GC invocations=16 (full 1):
 PSYoungGen      total 24064K, used 2328K [0x00000000eab00000, 0x00000000ec500000, 0x0000000100000000)
  eden space 21504K, 0% used [0x00000000eab00000,0x00000000eab00000,0x00000000ec000000)
  from space 2560K, 90% used [0x00000000ec000000,0x00000000ec246210,0x00000000ec280000)
  to   space 2560K, 0% used [0x00000000ec280000,0x00000000ec280000,0x00000000ec500000)
 ParOldGen       total 68608K, used 24727K [0x00000000c0000000, 0x00000000c4300000, 0x00000000eab00000)
  object space 68608K, 36% used [0x00000000c0000000,0x00000000c1825e80,0x00000000c4300000)
 Metaspace       used 32173K, committed 33024K, reserved 1114112K
  class space    used 3144K, committed 3520K, reserved 1048576K
}
Event: 6.315 GC heap before
{Heap before GC invocations=17 (full 1):
 PSYoungGen      total 24064K, used 23832K [0x00000000eab00000, 0x00000000ec500000, 0x0000000100000000)
  eden space 21504K, 100% used [0x00000000eab00000,0x00000000ec000000,0x00000000ec000000)
  from space 2560K, 90% used [0x00000000ec000000,0x00000000ec246210,0x00000000ec280000)
  to   space 2560K, 0% used [0x00000000ec280000,0x00000000ec280000,0x00000000ec500000)
 ParOldGen       total 68608K, used 24727K [0x00000000c0000000, 0x00000000c4300000, 0x00000000eab00000)
  object space 68608K, 36% used [0x00000000c0000000,0x00000000c1825e80,0x00000000c4300000)
 Metaspace       used 33449K, committed 34368K, reserved 1114112K
  class space    used 3306K, committed 3712K, reserved 1048576K
}
Event: 6.317 GC heap after
{Heap after GC invocations=17 (full 1):
 PSYoungGen      total 23552K, used 1701K [0x00000000eab00000, 0x00000000ec480000, 0x0000000100000000)
  eden space 21504K, 0% used [0x00000000eab00000,0x00000000eab00000,0x00000000ec000000)
  from space 2048K, 83% used [0x00000000ec280000,0x00000000ec429558,0x00000000ec480000)
  to   space 2048K, 0% used [0x00000000ec080000,0x00000000ec080000,0x00000000ec280000)
 ParOldGen       total 68608K, used 26936K [0x00000000c0000000, 0x00000000c4300000, 0x00000000eab00000)
  object space 68608K, 39% used [0x00000000c0000000,0x00000000c1a4e090,0x00000000c4300000)
 Metaspace       used 33449K, committed 34368K, reserved 1114112K
  class space    used 3306K, committed 3712K, reserved 1048576K
}
Event: 6.556 GC heap before
{Heap before GC invocations=18 (full 1):
 PSYoungGen      total 23552K, used 23205K [0x00000000eab00000, 0x00000000ec480000, 0x0000000100000000)
  eden space 21504K, 100% used [0x00000000eab00000,0x00000000ec000000,0x00000000ec000000)
  from space 2048K, 83% used [0x00000000ec280000,0x00000000ec429558,0x00000000ec480000)
  to   space 2048K, 0% used [0x00000000ec080000,0x00000000ec080000,0x00000000ec280000)
 ParOldGen       total 68608K, used 26936K [0x00000000c0000000, 0x00000000c4300000, 0x00000000eab00000)
  object space 68608K, 39% used [0x00000000c0000000,0x00000000c1a4e090,0x00000000c4300000)
 Metaspace       used 34741K, committed 35648K, reserved 1114112K
  class space    used 3471K, committed 3840K, reserved 1048576K
}
Event: 6.557 GC heap after
{Heap after GC invocations=18 (full 1):
 PSYoungGen      total 22016K, used 480K [0x00000000eab00000, 0x00000000ec300000, 0x0000000100000000)
  eden space 21504K, 0% used [0x00000000eab00000,0x00000000eab00000,0x00000000ec000000)
  from space 512K, 93% used [0x00000000ec080000,0x00000000ec0f8010,0x00000000ec100000)
  to   space 1024K, 0% used [0x00000000ec200000,0x00000000ec200000,0x00000000ec300000)
 ParOldGen       total 68608K, used 28476K [0x00000000c0000000, 0x00000000c4300000, 0x00000000eab00000)
  object space 68608K, 41% used [0x00000000c0000000,0x00000000c1bcf0f0,0x00000000c4300000)
 Metaspace       used 34741K, committed 35648K, reserved 1114112K
  class space    used 3471K, committed 3840K, reserved 1048576K
}
Event: 6.580 GC heap before
{Heap before GC invocations=19 (full 1):
 PSYoungGen      total 22016K, used 4744K [0x00000000eab00000, 0x00000000ec300000, 0x0000000100000000)
  eden space 21504K, 19% used [0x00000000eab00000,0x00000000eaf2a000,0x00000000ec000000)
  from space 512K, 93% used [0x00000000ec080000,0x00000000ec0f8010,0x00000000ec100000)
  to   space 1024K, 0% used [0x00000000ec200000,0x00000000ec200000,0x00000000ec300000)
 ParOldGen       total 68608K, used 28476K [0x00000000c0000000, 0x00000000c4300000, 0x00000000eab00000)
  object space 68608K, 41% used [0x00000000c0000000,0x00000000c1bcf0f0,0x00000000c4300000)
 Metaspace       used 34946K, committed 35840K, reserved 1114112K
  class space    used 3490K, committed 3904K, reserved 1048576K
}
Event: 6.581 GC heap after
{Heap after GC invocations=19 (full 1):
 PSYoungGen      total 22016K, used 384K [0x00000000eab00000, 0x00000000ec280000, 0x0000000100000000)
  eden space 21504K, 0% used [0x00000000eab00000,0x00000000eab00000,0x00000000ec000000)
  from space 512K, 75% used [0x00000000ec200000,0x00000000ec260010,0x00000000ec280000)
  to   space 512K, 0% used [0x00000000ec080000,0x00000000ec080000,0x00000000ec100000)
 ParOldGen       total 68608K, used 28780K [0x00000000c0000000, 0x00000000c4300000, 0x00000000eab00000)
  object space 68608K, 41% used [0x00000000c0000000,0x00000000c1c1b0f0,0x00000000c4300000)
 Metaspace       used 34946K, committed 35840K, reserved 1114112K
  class space    used 3490K, committed 3904K, reserved 1048576K
}
Event: 6.581 GC heap before
{Heap before GC invocations=20 (full 2):
 PSYoungGen      total 22016K, used 384K [0x00000000eab00000, 0x00000000ec280000, 0x0000000100000000)
  eden space 21504K, 0% used [0x00000000eab00000,0x00000000eab00000,0x00000000ec000000)
  from space 512K, 75% used [0x00000000ec200000,0x00000000ec260010,0x00000000ec280000)
  to   space 512K, 0% used [0x00000000ec080000,0x00000000ec080000,0x00000000ec100000)
 ParOldGen       total 68608K, used 28780K [0x00000000c0000000, 0x00000000c4300000, 0x00000000eab00000)
  object space 68608K, 41% used [0x00000000c0000000,0x00000000c1c1b0f0,0x00000000c4300000)
 Metaspace       used 34946K, committed 35840K, reserved 1114112K
  class space    used 3490K, committed 3904K, reserved 1048576K
}
Event: 6.611 GC heap after
{Heap after GC invocations=20 (full 2):
 PSYoungGen      total 22016K, used 0K [0x00000000eab00000, 0x00000000ec280000, 0x0000000100000000)
  eden space 21504K, 0% used [0x00000000eab00000,0x00000000eab00000,0x00000000ec000000)
  from space 512K, 0% used [0x00000000ec200000,0x00000000ec200000,0x00000000ec280000)
  to   space 512K, 0% used [0x00000000ec080000,0x00000000ec080000,0x00000000ec100000)
 ParOldGen       total 68608K, used 27987K [0x00000000c0000000, 0x00000000c4300000, 0x00000000eab00000)
  object space 68608K, 40% used [0x00000000c0000000,0x00000000c1b54e00,0x00000000c4300000)
 Metaspace       used 34946K, committed 35840K, reserved 1114112K
  class space    used 3490K, committed 3904K, reserved 1048576K
}
Event: 6.712 GC heap before
{Heap before GC invocations=21 (full 2):
 PSYoungGen      total 22016K, used 21504K [0x00000000eab00000, 0x00000000ec280000, 0x0000000100000000)
  eden space 21504K, 100% used [0x00000000eab00000,0x00000000ec000000,0x00000000ec000000)
  from space 512K, 0% used [0x00000000ec200000,0x00000000ec200000,0x00000000ec280000)
  to   space 512K, 0% used [0x00000000ec080000,0x00000000ec080000,0x00000000ec100000)
 ParOldGen       total 68608K, used 27987K [0x00000000c0000000, 0x00000000c4300000, 0x00000000eab00000)
  object space 68608K, 40% used [0x00000000c0000000,0x00000000c1b54e00,0x00000000c4300000)
 Metaspace       used 36111K, committed 37056K, reserved 1114112K
  class space    used 3573K, committed 3968K, reserved 1048576K
}
Event: 6.713 GC heap after
{Heap after GC invocations=21 (full 2):
 PSYoungGen      total 22016K, used 511K [0x00000000eab00000, 0x00000000ec300000, 0x0000000100000000)
  eden space 21504K, 0% used [0x00000000eab00000,0x00000000eab00000,0x00000000ec000000)
  from space 512K, 99% used [0x00000000ec080000,0x00000000ec0fff30,0x00000000ec100000)
  to   space 1536K, 0% used [0x00000000ec180000,0x00000000ec180000,0x00000000ec300000)
 ParOldGen       total 68608K, used 28810K [0x00000000c0000000, 0x00000000c4300000, 0x00000000eab00000)
  object space 68608K, 41% used [0x00000000c0000000,0x00000000c1c22a50,0x00000000c4300000)
 Metaspace       used 36111K, committed 37056K, reserved 1114112K
  class space    used 3573K, committed 3968K, reserved 1048576K
}
Event: 6.744 GC heap before
{Heap before GC invocations=22 (full 2):
 PSYoungGen      total 22016K, used 21966K [0x00000000eab00000, 0x00000000ec300000, 0x0000000100000000)
  eden space 21504K, 99% used [0x00000000eab00000,0x00000000ebff3c98,0x00000000ec000000)
  from space 512K, 99% used [0x00000000ec080000,0x00000000ec0fff30,0x00000000ec100000)
  to   space 1536K, 0% used [0x00000000ec180000,0x00000000ec180000,0x00000000ec300000)
 ParOldGen       total 68608K, used 28810K [0x00000000c0000000, 0x00000000c4300000, 0x00000000eab00000)
  object space 68608K, 41% used [0x00000000c0000000,0x00000000c1c22a50,0x00000000c4300000)
 Metaspace       used 36118K, committed 37056K, reserved 1114112K
  class space    used 3573K, committed 3968K, reserved 1048576K
}
Event: 6.745 GC heap after
{Heap after GC invocations=22 (full 2):
 PSYoungGen      total 23040K, used 1351K [0x00000000eab00000, 0x00000000ec300000, 0x0000000100000000)
  eden space 21504K, 0% used [0x00000000eab00000,0x00000000eab00000,0x00000000ec000000)
  from space 1536K, 87% used [0x00000000ec180000,0x00000000ec2d1d98,0x00000000ec300000)
  to   space 1536K, 0% used [0x00000000ec000000,0x00000000ec000000,0x00000000ec180000)
 ParOldGen       total 68608K, used 29058K [0x00000000c0000000, 0x00000000c4300000, 0x00000000eab00000)
  object space 68608K, 42% used [0x00000000c0000000,0x00000000c1c60a50,0x00000000c4300000)
 Metaspace       used 36118K, committed 37056K, reserved 1114112K
  class space    used 3573K, committed 3968K, reserved 1048576K
}
Event: 8.012 GC heap before
{Heap before GC invocations=23 (full 2):
 PSYoungGen      total 23040K, used 22854K [0x00000000eab00000, 0x00000000ec300000, 0x0000000100000000)
  eden space 21504K, 99% used [0x00000000eab00000,0x00000000ebfffce8,0x00000000ec000000)
  from space 1536K, 87% used [0x00000000ec180000,0x00000000ec2d1d98,0x00000000ec300000)
  to   space 1536K, 0% used [0x00000000ec000000,0x00000000ec000000,0x00000000ec180000)
 ParOldGen       total 68608K, used 29058K [0x00000000c0000000, 0x00000000c4300000, 0x00000000eab00000)
  object space 68608K, 42% used [0x00000000c0000000,0x00000000c1c60a50,0x00000000c4300000)
 Metaspace       used 39471K, committed 40448K, reserved 1114112K
  class space    used 3882K, committed 4288K, reserved 1048576K
}
Event: 8.013 GC heap after
{Heap after GC invocations=23 (full 2):
 PSYoungGen      total 23040K, used 1408K [0x00000000eab00000, 0x00000000ec300000, 0x0000000100000000)
  eden space 21504K, 0% used [0x00000000eab00000,0x00000000eab00000,0x00000000ec000000)
  from space 1536K, 91% used [0x00000000ec000000,0x00000000ec160020,0x00000000ec180000)
  to   space 1536K, 0% used [0x00000000ec180000,0x00000000ec180000,0x00000000ec300000)
 ParOldGen       total 68608K, used 29146K [0x00000000c0000000, 0x00000000c4300000, 0x00000000eab00000)
  object space 68608K, 42% used [0x00000000c0000000,0x00000000c1c76a50,0x00000000c4300000)
 Metaspace       used 39471K, committed 40448K, reserved 1114112K
  class space    used 3882K, committed 4288K, reserved 1048576K
}
Event: 25.714 GC heap before
{Heap before GC invocations=24 (full 2):
 PSYoungGen      total 23040K, used 22912K [0x00000000eab00000, 0x00000000ec300000, 0x0000000100000000)
  eden space 21504K, 100% used [0x00000000eab00000,0x00000000ec000000,0x00000000ec000000)
  from space 1536K, 91% used [0x00000000ec000000,0x00000000ec160020,0x00000000ec180000)
  to   space 1536K, 0% used [0x00000000ec180000,0x00000000ec180000,0x00000000ec300000)
 ParOldGen       total 68608K, used 29146K [0x00000000c0000000, 0x00000000c4300000, 0x00000000eab00000)
  object space 68608K, 42% used [0x00000000c0000000,0x00000000c1c76a50,0x00000000c4300000)
 Metaspace       used 41523K, committed 42624K, reserved 1114112K
  class space    used 4097K, committed 4608K, reserved 1048576K
}
Event: 25.716 GC heap after
{Heap after GC invocations=24 (full 2):
 PSYoungGen      total 18944K, used 1504K [0x00000000eab00000, 0x00000000ecb00000, 0x0000000100000000)
  eden space 17408K, 0% used [0x00000000eab00000,0x00000000eab00000,0x00000000ebc00000)
  from space 1536K, 97% used [0x00000000ec180000,0x00000000ec2f8150,0x00000000ec300000)
  to   space 5632K, 0% used [0x00000000ebc00000,0x00000000ebc00000,0x00000000ec180000)
 ParOldGen       total 68608K, used 32460K [0x00000000c0000000, 0x00000000c4300000, 0x00000000eab00000)
  object space 68608K, 47% used [0x00000000c0000000,0x00000000c1fb3150,0x00000000c4300000)
 Metaspace       used 41523K, committed 42624K, reserved 1114112K
  class space    used 4097K, committed 4608K, reserved 1048576K
}
Event: 26.048 GC heap before
{Heap before GC invocations=25 (full 2):
 PSYoungGen      total 18944K, used 18912K [0x00000000eab00000, 0x00000000ecb00000, 0x0000000100000000)
  eden space 17408K, 100% used [0x00000000eab00000,0x00000000ebc00000,0x00000000ebc00000)
  from space 1536K, 97% used [0x00000000ec180000,0x00000000ec2f8150,0x00000000ec300000)
  to   space 5632K, 0% used [0x00000000ebc00000,0x00000000ebc00000,0x00000000ec180000)
 ParOldGen       total 68608K, used 32460K [0x00000000c0000000, 0x00000000c4300000, 0x00000000eab00000)
  object space 68608K, 47% used [0x00000000c0000000,0x00000000c1fb3150,0x00000000c4300000)
 Metaspace       used 42884K, committed 43968K, reserved 1114112K
  class space    used 4221K, committed 4736K, reserved 1048576K
}
Event: 26.050 GC heap after
{Heap after GC invocations=25 (full 2):
 PSYoungGen      total 19968K, used 2519K [0x00000000eab00000, 0x00000000ec300000, 0x0000000100000000)
  eden space 17408K, 0% used [0x00000000eab00000,0x00000000eab00000,0x00000000ebc00000)
  from space 2560K, 98% used [0x00000000ebc00000,0x00000000ebe75e30,0x00000000ebe80000)
  to   space 3584K, 0% used [0x00000000ebf80000,0x00000000ebf80000,0x00000000ec300000)
 ParOldGen       total 68608K, used 33877K [0x00000000c0000000, 0x00000000c4300000, 0x00000000eab00000)
  object space 68608K, 49% used [0x00000000c0000000,0x00000000c2115470,0x00000000c4300000)
 Metaspace       used 42884K, committed 43968K, reserved 1114112K
  class space    used 4221K, committed 4736K, reserved 1048576K
}

