# JRE version: OpenJDK Runtime Environment Temurin-21.0.7+6 (21.0.7+6) (build 21.0.7+6-LTS)
# Java VM: OpenJDK 64-Bit Server VM Temurin-21.0.7+6 (21.0.7+6-LTS, mixed mode, sharing, tiered, compressed oops, compressed class ptrs, parallel gc, windows-amd64)
GC Precious Log:
 CardTable entry size: 512
 CPUs: 12 total, 12 available
 Memory: 16122M
 Large Page Support: Disabled
 NUMA Support: Disabled
 Compressed Oops: Enabled (32-bit)
 Alignments: Space 512K, Generation 512K, Heap 2M
 Heap Min Capacity: 100M
 Heap Initial Capacity: 100M
 Heap Max Capacity: 1G
 Pre-touch: Disabled
 Parallel Workers: 10
Heap:
 PSYoungGen      total 23040K, used 8564K [0x00000000eab00000, 0x00000000ec480000, 0x0000000100000000)
  eden space 22016K, 37% used [0x00000000eab00000,0x00000000eb315140,0x00000000ec080000)
  from space 1024K, 28% used [0x00000000ec300000,0x00000000ec348010,0x00000000ec400000)
  to   space 512K, 0% used [0x00000000ec400000,0x00000000ec400000,0x00000000ec480000)
 ParOldGen       total 68608K, used 40233K [0x00000000c0000000, 0x00000000c4300000, 0x00000000eab00000)
  object space 68608K, 58% used [0x00000000c0000000,0x00000000c274a788,0x00000000c4300000)
 Metaspace       used 62857K, committed 64192K, reserved 1114112K
  class space    used 7757K, committed 8384K, reserved 1048576K
GC Heap History (20 events):
Event: 8.849 GC heap before
{Heap before GC invocations=33 (full 3):
 PSYoungGen      total 23040K, used 22791K [0x00000000eab00000, 0x00000000ec700000, 0x0000000100000000)
  eden space 22016K, 100% used [0x00000000eab00000,0x00000000ec080000,0x00000000ec080000)
  from space 1024K, 75% used [0x00000000ec500000,0x00000000ec5c1e58,0x00000000ec600000)
  to   space 1024K, 0% used [0x00000000ec600000,0x00000000ec600000,0x00000000ec700000)
 ParOldGen       total 68608K, used 38316K [0x00000000c0000000, 0x00000000c4300000, 0x00000000eab00000)
  object space 68608K, 55% used [0x00000000c0000000,0x00000000c256b168,0x00000000c4300000)
 Metaspace       used 60928K, committed 62272K, reserved 1114112K
  class space    used 7505K, committed 8128K, reserved 1048576K
}
Event: 8.849 GC heap after
{Heap after GC invocations=33 (full 3):
 PSYoungGen      total 22528K, used 465K [0x00000000eab00000, 0x00000000ec680000, 0x0000000100000000)
  eden space 22016K, 0% used [0x00000000eab00000,0x00000000eab00000,0x00000000ec080000)
  from space 512K, 90% used [0x00000000ec600000,0x00000000ec674640,0x00000000ec680000)
  to   space 1024K, 0% used [0x00000000ec480000,0x00000000ec480000,0x00000000ec580000)
 ParOldGen       total 68608K, used 38602K [0x00000000c0000000, 0x00000000c4300000, 0x00000000eab00000)
  object space 68608K, 56% used [0x00000000c0000000,0x00000000c25b2bf0,0x00000000c4300000)
 Metaspace       used 60928K, committed 62272K, reserved 1114112K
  class space    used 7505K, committed 8128K, reserved 1048576K
}
Event: 8.979 GC heap before
{Heap before GC invocations=34 (full 3):
 PSYoungGen      total 22528K, used 22481K [0x00000000eab00000, 0x00000000ec680000, 0x0000000100000000)
  eden space 22016K, 100% used [0x00000000eab00000,0x00000000ec080000,0x00000000ec080000)
  from space 512K, 90% used [0x00000000ec600000,0x00000000ec674640,0x00000000ec680000)
  to   space 1024K, 0% used [0x00000000ec480000,0x00000000ec480000,0x00000000ec580000)
 ParOldGen       total 68608K, used 38602K [0x00000000c0000000, 0x00000000c4300000, 0x00000000eab00000)
  object space 68608K, 56% used [0x00000000c0000000,0x00000000c25b2bf0,0x00000000c4300000)
 Metaspace       used 61023K, committed 62400K, reserved 1114112K
  class space    used 7522K, committed 8128K, reserved 1048576K
}
Event: 8.980 GC heap after
{Heap after GC invocations=34 (full 3):
 PSYoungGen      total 23040K, used 994K [0x00000000eab00000, 0x00000000ec680000, 0x0000000100000000)
  eden space 22016K, 0% used [0x00000000eab00000,0x00000000eab00000,0x00000000ec080000)
  from space 1024K, 97% used [0x00000000ec480000,0x00000000ec578820,0x00000000ec580000)
  to   space 1024K, 0% used [0x00000000ec580000,0x00000000ec580000,0x00000000ec680000)
 ParOldGen       total 68608K, used 38789K [0x00000000c0000000, 0x00000000c4300000, 0x00000000eab00000)
  object space 68608K, 56% used [0x00000000c0000000,0x00000000c25e1770,0x00000000c4300000)
 Metaspace       used 61023K, committed 62400K, reserved 1114112K
  class space    used 7522K, committed 8128K, reserved 1048576K
}
Event: 9.098 GC heap before
{Heap before GC invocations=35 (full 3):
 PSYoungGen      total 23040K, used 23010K [0x00000000eab00000, 0x00000000ec680000, 0x0000000100000000)
  eden space 22016K, 100% used [0x00000000eab00000,0x00000000ec080000,0x00000000ec080000)
  from space 1024K, 97% used [0x00000000ec480000,0x00000000ec578820,0x00000000ec580000)
  to   space 1024K, 0% used [0x00000000ec580000,0x00000000ec580000,0x00000000ec680000)
 ParOldGen       total 68608K, used 38789K [0x00000000c0000000, 0x00000000c4300000, 0x00000000eab00000)
  object space 68608K, 56% used [0x00000000c0000000,0x00000000c25e1770,0x00000000c4300000)
 Metaspace       used 61023K, committed 62400K, reserved 1114112K
  class space    used 7522K, committed 8128K, reserved 1048576K
}
Event: 9.099 GC heap after
{Heap after GC invocations=35 (full 3):
 PSYoungGen      total 23040K, used 1021K [0x00000000eab00000, 0x00000000ec680000, 0x0000000100000000)
  eden space 22016K, 0% used [0x00000000eab00000,0x00000000eab00000,0x00000000ec080000)
  from space 1024K, 99% used [0x00000000ec580000,0x00000000ec67f748,0x00000000ec680000)
  to   space 1536K, 0% used [0x00000000ec380000,0x00000000ec380000,0x00000000ec500000)
 ParOldGen       total 68608K, used 38989K [0x00000000c0000000, 0x00000000c4300000, 0x00000000eab00000)
  object space 68608K, 56% used [0x00000000c0000000,0x00000000c26134e0,0x00000000c4300000)
 Metaspace       used 61023K, committed 62400K, reserved 1114112K
  class space    used 7522K, committed 8128K, reserved 1048576K
}
Event: 9.232 GC heap before
{Heap before GC invocations=36 (full 3):
 PSYoungGen      total 23040K, used 23037K [0x00000000eab00000, 0x00000000ec680000, 0x0000000100000000)
  eden space 22016K, 100% used [0x00000000eab00000,0x00000000ec080000,0x00000000ec080000)
  from space 1024K, 99% used [0x00000000ec580000,0x00000000ec67f748,0x00000000ec680000)
  to   space 1536K, 0% used [0x00000000ec380000,0x00000000ec380000,0x00000000ec500000)
 ParOldGen       total 68608K, used 38989K [0x00000000c0000000, 0x00000000c4300000, 0x00000000eab00000)
  object space 68608K, 56% used [0x00000000c0000000,0x00000000c26134e0,0x00000000c4300000)
 Metaspace       used 61031K, committed 62400K, reserved 1114112K
  class space    used 7523K, committed 8128K, reserved 1048576K
}
Event: 9.233 GC heap after
{Heap after GC invocations=36 (full 3):
 PSYoungGen      total 23552K, used 1047K [0x00000000eab00000, 0x00000000ec600000, 0x0000000100000000)
  eden space 22016K, 0% used [0x00000000eab00000,0x00000000eab00000,0x00000000ec080000)
  from space 1536K, 68% used [0x00000000ec380000,0x00000000ec485dd0,0x00000000ec500000)
  to   space 1024K, 0% used [0x00000000ec500000,0x00000000ec500000,0x00000000ec600000)
 ParOldGen       total 68608K, used 39005K [0x00000000c0000000, 0x00000000c4300000, 0x00000000eab00000)
  object space 68608K, 56% used [0x00000000c0000000,0x00000000c26174e0,0x00000000c4300000)
 Metaspace       used 61031K, committed 62400K, reserved 1114112K
  class space    used 7523K, committed 8128K, reserved 1048576K
}
Event: 9.337 GC heap before
{Heap before GC invocations=37 (full 3):
 PSYoungGen      total 23552K, used 23063K [0x00000000eab00000, 0x00000000ec600000, 0x0000000100000000)
  eden space 22016K, 100% used [0x00000000eab00000,0x00000000ec080000,0x00000000ec080000)
  from space 1536K, 68% used [0x00000000ec380000,0x00000000ec485dd0,0x00000000ec500000)
  to   space 1024K, 0% used [0x00000000ec500000,0x00000000ec500000,0x00000000ec600000)
 ParOldGen       total 68608K, used 39005K [0x00000000c0000000, 0x00000000c4300000, 0x00000000eab00000)
  object space 68608K, 56% used [0x00000000c0000000,0x00000000c26174e0,0x00000000c4300000)
 Metaspace       used 61031K, committed 62400K, reserved 1114112K
  class space    used 7523K, committed 8128K, reserved 1048576K
}
Event: 9.338 GC heap after
{Heap after GC invocations=37 (full 3):
 PSYoungGen      total 23040K, used 1020K [0x00000000eab00000, 0x00000000ec600000, 0x0000000100000000)
  eden space 22016K, 0% used [0x00000000eab00000,0x00000000eab00000,0x00000000ec080000)
  from space 1024K, 99% used [0x00000000ec500000,0x00000000ec5ff2d8,0x00000000ec600000)
  to   space 1536K, 0% used [0x00000000ec300000,0x00000000ec300000,0x00000000ec480000)
 ParOldGen       total 68608K, used 39269K [0x00000000c0000000, 0x00000000c4300000, 0x00000000eab00000)
  object space 68608K, 57% used [0x00000000c0000000,0x00000000c26595f0,0x00000000c4300000)
 Metaspace       used 61031K, committed 62400K, reserved 1114112K
  class space    used 7523K, committed 8128K, reserved 1048576K
}
Event: 9.445 GC heap before
{Heap before GC invocations=38 (full 3):
 PSYoungGen      total 23040K, used 23036K [0x00000000eab00000, 0x00000000ec600000, 0x0000000100000000)
  eden space 22016K, 100% used [0x00000000eab00000,0x00000000ec080000,0x00000000ec080000)
  from space 1024K, 99% used [0x00000000ec500000,0x00000000ec5ff2d8,0x00000000ec600000)
  to   space 1536K, 0% used [0x00000000ec300000,0x00000000ec300000,0x00000000ec480000)
 ParOldGen       total 68608K, used 39269K [0x00000000c0000000, 0x00000000c4300000, 0x00000000eab00000)
  object space 68608K, 57% used [0x00000000c0000000,0x00000000c26595f0,0x00000000c4300000)
 Metaspace       used 61031K, committed 62400K, reserved 1114112K
  class space    used 7523K, committed 8128K, reserved 1048576K
}
Event: 9.445 GC heap after
{Heap after GC invocations=38 (full 3):
 PSYoungGen      total 23552K, used 1295K [0x00000000eab00000, 0x00000000ec580000, 0x0000000100000000)
  eden space 22016K, 0% used [0x00000000eab00000,0x00000000eab00000,0x00000000ec080000)
  from space 1536K, 84% used [0x00000000ec300000,0x00000000ec443e10,0x00000000ec480000)
  to   space 1024K, 0% used [0x00000000ec480000,0x00000000ec480000,0x00000000ec580000)
 ParOldGen       total 68608K, used 39301K [0x00000000c0000000, 0x00000000c4300000, 0x00000000eab00000)
  object space 68608K, 57% used [0x00000000c0000000,0x00000000c26615f0,0x00000000c4300000)
 Metaspace       used 61031K, committed 62400K, reserved 1114112K
  class space    used 7523K, committed 8128K, reserved 1048576K
}
Event: 9.535 GC heap before
{Heap before GC invocations=39 (full 3):
 PSYoungGen      total 23552K, used 23311K [0x00000000eab00000, 0x00000000ec580000, 0x0000000100000000)
  eden space 22016K, 100% used [0x00000000eab00000,0x00000000ec080000,0x00000000ec080000)
  from space 1536K, 84% used [0x00000000ec300000,0x00000000ec443e10,0x00000000ec480000)
  to   space 1024K, 0% used [0x00000000ec480000,0x00000000ec480000,0x00000000ec580000)
 ParOldGen       total 68608K, used 39301K [0x00000000c0000000, 0x00000000c4300000, 0x00000000eab00000)
  object space 68608K, 57% used [0x00000000c0000000,0x00000000c26615f0,0x00000000c4300000)
 Metaspace       used 61031K, committed 62400K, reserved 1114112K
  class space    used 7523K, committed 8128K, reserved 1048576K
}
Event: 9.535 GC heap after
{Heap after GC invocations=39 (full 3):
 PSYoungGen      total 23040K, used 1019K [0x00000000eab00000, 0x00000000ec580000, 0x0000000100000000)
  eden space 22016K, 0% used [0x00000000eab00000,0x00000000eab00000,0x00000000ec080000)
  from space 1024K, 99% used [0x00000000ec480000,0x00000000ec57eff0,0x00000000ec580000)
  to   space 1536K, 0% used [0x00000000ec280000,0x00000000ec280000,0x00000000ec400000)
 ParOldGen       total 68608K, used 39481K [0x00000000c0000000, 0x00000000c4300000, 0x00000000eab00000)
  object space 68608K, 57% used [0x00000000c0000000,0x00000000c268e768,0x00000000c4300000)
 Metaspace       used 61031K, committed 62400K, reserved 1114112K
  class space    used 7523K, committed 8128K, reserved 1048576K
}
Event: 9.617 GC heap before
{Heap before GC invocations=40 (full 3):
 PSYoungGen      total 23040K, used 23035K [0x00000000eab00000, 0x00000000ec580000, 0x0000000100000000)
  eden space 22016K, 100% used [0x00000000eab00000,0x00000000ec080000,0x00000000ec080000)
  from space 1024K, 99% used [0x00000000ec480000,0x00000000ec57eff0,0x00000000ec580000)
  to   space 1536K, 0% used [0x00000000ec280000,0x00000000ec280000,0x00000000ec400000)
 ParOldGen       total 68608K, used 39481K [0x00000000c0000000, 0x00000000c4300000, 0x00000000eab00000)
  object space 68608K, 57% used [0x00000000c0000000,0x00000000c268e768,0x00000000c4300000)
 Metaspace       used 61033K, committed 62400K, reserved 1114112K
  class space    used 7523K, committed 8128K, reserved 1048576K
}
Event: 9.618 GC heap after
{Heap after GC invocations=40 (full 3):
 PSYoungGen      total 23552K, used 1330K [0x00000000eab00000, 0x00000000ec500000, 0x0000000100000000)
  eden space 22016K, 0% used [0x00000000eab00000,0x00000000eab00000,0x00000000ec080000)
  from space 1536K, 86% used [0x00000000ec280000,0x00000000ec3cc8b0,0x00000000ec400000)
  to   space 1024K, 0% used [0x00000000ec400000,0x00000000ec400000,0x00000000ec500000)
 ParOldGen       total 68608K, used 39505K [0x00000000c0000000, 0x00000000c4300000, 0x00000000eab00000)
  object space 68608K, 57% used [0x00000000c0000000,0x00000000c2694768,0x00000000c4300000)
 Metaspace       used 61033K, committed 62400K, reserved 1114112K
  class space    used 7523K, committed 8128K, reserved 1048576K
}
Event: 9.817 GC heap before
{Heap before GC invocations=41 (full 3):
 PSYoungGen      total 23552K, used 23346K [0x00000000eab00000, 0x00000000ec500000, 0x0000000100000000)
  eden space 22016K, 100% used [0x00000000eab00000,0x00000000ec080000,0x00000000ec080000)
  from space 1536K, 86% used [0x00000000ec280000,0x00000000ec3cc8b0,0x00000000ec400000)
  to   space 1024K, 0% used [0x00000000ec400000,0x00000000ec400000,0x00000000ec500000)
 ParOldGen       total 68608K, used 39505K [0x00000000c0000000, 0x00000000c4300000, 0x00000000eab00000)
  object space 68608K, 57% used [0x00000000c0000000,0x00000000c2694768,0x00000000c4300000)
 Metaspace       used 62491K, committed 63872K, reserved 1114112K
  class space    used 7741K, committed 8384K, reserved 1048576K
}
Event: 9.818 GC heap after
{Heap after GC invocations=41 (full 3):
 PSYoungGen      total 23040K, used 768K [0x00000000eab00000, 0x00000000ec500000, 0x0000000100000000)
  eden space 22016K, 0% used [0x00000000eab00000,0x00000000eab00000,0x00000000ec080000)
  from space 1024K, 75% used [0x00000000ec400000,0x00000000ec4c0000,0x00000000ec500000)
  to   space 1024K, 0% used [0x00000000ec300000,0x00000000ec300000,0x00000000ec400000)
 ParOldGen       total 68608K, used 39545K [0x00000000c0000000, 0x00000000c4300000, 0x00000000eab00000)
  object space 68608K, 57% used [0x00000000c0000000,0x00000000c269e768,0x00000000c4300000)
 Metaspace       used 62491K, committed 63872K, reserved 1114112K
  class space    used 7741K, committed 8384K, reserved 1048576K
}
Event: 10.141 GC heap before
{Heap before GC invocations=42 (full 3):
 PSYoungGen      total 23040K, used 22784K [0x00000000eab00000, 0x00000000ec500000, 0x0000000100000000)
  eden space 22016K, 100% used [0x00000000eab00000,0x00000000ec080000,0x00000000ec080000)
  from space 1024K, 75% used [0x00000000ec400000,0x00000000ec4c0000,0x00000000ec500000)
  to   space 1024K, 0% used [0x00000000ec300000,0x00000000ec300000,0x00000000ec400000)
 ParOldGen       total 68608K, used 39545K [0x00000000c0000000, 0x00000000c4300000, 0x00000000eab00000)
  object space 68608K, 57% used [0x00000000c0000000,0x00000000c269e768,0x00000000c4300000)
 Metaspace       used 62808K, committed 64192K, reserved 1114112K
  class space    used 7751K, committed 8384K, reserved 1048576K
}
Event: 10.143 GC heap after
{Heap after GC invocations=42 (full 3):
 PSYoungGen      total 23040K, used 288K [0x00000000eab00000, 0x00000000ec480000, 0x0000000100000000)
  eden space 22016K, 0% used [0x00000000eab00000,0x00000000eab00000,0x00000000ec080000)
  from space 1024K, 28% used [0x00000000ec300000,0x00000000ec348010,0x00000000ec400000)
  to   space 512K, 0% used [0x00000000ec400000,0x00000000ec400000,0x00000000ec480000)
 ParOldGen       total 68608K, used 40233K [0x00000000c0000000, 0x00000000c4300000, 0x00000000eab00000)
  object space 68608K, 58% used [0x00000000c0000000,0x00000000c274a788,0x00000000c4300000)
 Metaspace       used 62808K, committed 64192K, reserved 1114112K
  class space    used 7751K, committed 8384K, reserved 1048576K
}

