# JRE version: OpenJDK Runtime Environment Temurin-21.0.7+6 (21.0.7+6) (build 21.0.7+6-LTS)
# Java VM: OpenJDK 64-Bit Server VM Temurin-21.0.7+6 (21.0.7+6-LTS, mixed mode, sharing, tiered, compressed oops, compressed class ptrs, parallel gc, windows-amd64)
GC Precious Log:
 CardTable entry size: 512
 CPUs: 12 total, 12 available
 Memory: 16122M
 Large Page Support: Disabled
 NUMA Support: Disabled
 Compressed Oops: Enabled (32-bit)
 Alignments: Space 512K, Generation 512K, Heap 2M
 Heap Min Capacity: 100M
 Heap Initial Capacity: 100M
 Heap Max Capacity: 1G
 Pre-touch: Disabled
 Parallel Workers: 10
Heap:
 PSYoungGen      total 8192K, used 1566K [0x00000000eab00000, 0x00000000ebd00000, 0x0000000100000000)
  eden space 6656K, 0% used [0x00000000eab00000,0x00000000eab13630,0x00000000eb180000)
  from space 1536K, 98% used [0x00000000ebb80000,0x00000000ebcf8630,0x00000000ebd00000)
  to   space 5120K, 0% used [0x00000000eb680000,0x00000000eb680000,0x00000000ebb80000)
 ParOldGen       total 123392K, used 123349K [0x00000000c0000000, 0x00000000c7880000, 0x00000000eab00000)
  object space 123392K, 99% used [0x00000000c0000000,0x00000000c78756e0,0x00000000c7880000)
 Metaspace       used 65806K, committed 67264K, reserved 1114112K
  class space    used 8089K, committed 8704K, reserved 1048576K
GC Heap History (20 events):
Event: 38.280 GC heap before
{Heap before GC invocations=43 (full 3):
 PSYoungGen      total 23040K, used 23024K [0x00000000eab00000, 0x00000000ec700000, 0x0000000100000000)
  eden space 22016K, 100% used [0x00000000eab00000,0x00000000ec080000,0x00000000ec080000)
  from space 1024K, 98% used [0x00000000ec500000,0x00000000ec5fc020,0x00000000ec600000)
  to   space 1024K, 0% used [0x00000000ec600000,0x00000000ec600000,0x00000000ec700000)
 ParOldGen       total 68608K, used 40049K [0x00000000c0000000, 0x00000000c4300000, 0x00000000eab00000)
  object space 68608K, 58% used [0x00000000c0000000,0x00000000c271c730,0x00000000c4300000)
 Metaspace       used 63147K, committed 64512K, reserved 1114112K
  class space    used 7775K, committed 8384K, reserved 1048576K
}
Event: 38.282 GC heap after
{Heap after GC invocations=43 (full 3):
 PSYoungGen      total 22528K, used 96K [0x00000000eab00000, 0x00000000ec680000, 0x0000000100000000)
  eden space 22016K, 0% used [0x00000000eab00000,0x00000000eab00000,0x00000000ec080000)
  from space 512K, 18% used [0x00000000ec600000,0x00000000ec618000,0x00000000ec680000)
  to   space 1024K, 0% used [0x00000000ec480000,0x00000000ec480000,0x00000000ec580000)
 ParOldGen       total 68608K, used 41047K [0x00000000c0000000, 0x00000000c4300000, 0x00000000eab00000)
  object space 68608K, 59% used [0x00000000c0000000,0x00000000c2815ca8,0x00000000c4300000)
 Metaspace       used 63147K, committed 64512K, reserved 1114112K
  class space    used 7775K, committed 8384K, reserved 1048576K
}
Event: 39.518 GC heap before
{Heap before GC invocations=44 (full 3):
 PSYoungGen      total 22528K, used 22112K [0x00000000eab00000, 0x00000000ec680000, 0x0000000100000000)
  eden space 22016K, 100% used [0x00000000eab00000,0x00000000ec080000,0x00000000ec080000)
  from space 512K, 18% used [0x00000000ec600000,0x00000000ec618000,0x00000000ec680000)
  to   space 1024K, 0% used [0x00000000ec480000,0x00000000ec480000,0x00000000ec580000)
 ParOldGen       total 68608K, used 41047K [0x00000000c0000000, 0x00000000c4300000, 0x00000000eab00000)
  object space 68608K, 59% used [0x00000000c0000000,0x00000000c2815ca8,0x00000000c4300000)
 Metaspace       used 63497K, committed 64896K, reserved 1114112K
  class space    used 7834K, committed 8448K, reserved 1048576K
}
Event: 39.519 GC heap after
{Heap after GC invocations=44 (full 3):
 PSYoungGen      total 23040K, used 998K [0x00000000eab00000, 0x00000000ec880000, 0x0000000100000000)
  eden space 22016K, 0% used [0x00000000eab00000,0x00000000eab00000,0x00000000ec080000)
  from space 1024K, 97% used [0x00000000ec480000,0x00000000ec5798d8,0x00000000ec580000)
  to   space 3072K, 0% used [0x00000000ec580000,0x00000000ec580000,0x00000000ec880000)
 ParOldGen       total 68608K, used 43117K [0x00000000c0000000, 0x00000000c4300000, 0x00000000eab00000)
  object space 68608K, 62% used [0x00000000c0000000,0x00000000c2a1b460,0x00000000c4300000)
 Metaspace       used 63497K, committed 64896K, reserved 1114112K
  class space    used 7834K, committed 8448K, reserved 1048576K
}
Event: 40.054 GC heap before
{Heap before GC invocations=45 (full 3):
 PSYoungGen      total 23040K, used 23014K [0x00000000eab00000, 0x00000000ec880000, 0x0000000100000000)
  eden space 22016K, 100% used [0x00000000eab00000,0x00000000ec080000,0x00000000ec080000)
  from space 1024K, 97% used [0x00000000ec480000,0x00000000ec5798d8,0x00000000ec580000)
  to   space 3072K, 0% used [0x00000000ec580000,0x00000000ec580000,0x00000000ec880000)
 ParOldGen       total 68608K, used 43117K [0x00000000c0000000, 0x00000000c4300000, 0x00000000eab00000)
  object space 68608K, 62% used [0x00000000c0000000,0x00000000c2a1b460,0x00000000c4300000)
 Metaspace       used 63890K, committed 65344K, reserved 1114112K
  class space    used 7877K, committed 8512K, reserved 1048576K
}
Event: 40.056 GC heap after
{Heap after GC invocations=45 (full 3):
 PSYoungGen      total 23040K, used 595K [0x00000000eab00000, 0x00000000ec680000, 0x0000000100000000)
  eden space 22016K, 0% used [0x00000000eab00000,0x00000000eab00000,0x00000000ec080000)
  from space 1024K, 58% used [0x00000000ec580000,0x00000000ec614e98,0x00000000ec680000)
  to   space 1536K, 0% used [0x00000000ec380000,0x00000000ec380000,0x00000000ec500000)
 ParOldGen       total 68608K, used 44067K [0x00000000c0000000, 0x00000000c4300000, 0x00000000eab00000)
  object space 68608K, 64% used [0x00000000c0000000,0x00000000c2b08f90,0x00000000c4300000)
 Metaspace       used 63890K, committed 65344K, reserved 1114112K
  class space    used 7877K, committed 8512K, reserved 1048576K
}
Event: 40.255 GC heap before
{Heap before GC invocations=46 (full 3):
 PSYoungGen      total 23040K, used 22611K [0x00000000eab00000, 0x00000000ec680000, 0x0000000100000000)
  eden space 22016K, 100% used [0x00000000eab00000,0x00000000ec080000,0x00000000ec080000)
  from space 1024K, 58% used [0x00000000ec580000,0x00000000ec614e98,0x00000000ec680000)
  to   space 1536K, 0% used [0x00000000ec380000,0x00000000ec380000,0x00000000ec500000)
 ParOldGen       total 68608K, used 44067K [0x00000000c0000000, 0x00000000c4300000, 0x00000000eab00000)
  object space 68608K, 64% used [0x00000000c0000000,0x00000000c2b08f90,0x00000000c4300000)
 Metaspace       used 64151K, committed 65600K, reserved 1114112K
  class space    used 7898K, committed 8576K, reserved 1048576K
}
Event: 40.256 GC heap after
{Heap after GC invocations=46 (full 3):
 PSYoungGen      total 23552K, used 307K [0x00000000eab00000, 0x00000000ec600000, 0x0000000100000000)
  eden space 22016K, 0% used [0x00000000eab00000,0x00000000eab00000,0x00000000ec080000)
  from space 1536K, 20% used [0x00000000ec380000,0x00000000ec3ccd08,0x00000000ec500000)
  to   space 1024K, 0% used [0x00000000ec500000,0x00000000ec500000,0x00000000ec600000)
 ParOldGen       total 68608K, used 44367K [0x00000000c0000000, 0x00000000c4300000, 0x00000000eab00000)
  object space 68608K, 64% used [0x00000000c0000000,0x00000000c2b53e28,0x00000000c4300000)
 Metaspace       used 64151K, committed 65600K, reserved 1114112K
  class space    used 7898K, committed 8576K, reserved 1048576K
}
Event: 40.497 GC heap before
{Heap before GC invocations=47 (full 3):
 PSYoungGen      total 23552K, used 22323K [0x00000000eab00000, 0x00000000ec600000, 0x0000000100000000)
  eden space 22016K, 100% used [0x00000000eab00000,0x00000000ec080000,0x00000000ec080000)
  from space 1536K, 20% used [0x00000000ec380000,0x00000000ec3ccd08,0x00000000ec500000)
  to   space 1024K, 0% used [0x00000000ec500000,0x00000000ec500000,0x00000000ec600000)
 ParOldGen       total 68608K, used 44367K [0x00000000c0000000, 0x00000000c4300000, 0x00000000eab00000)
  object space 68608K, 64% used [0x00000000c0000000,0x00000000c2b53e28,0x00000000c4300000)
 Metaspace       used 65484K, committed 66944K, reserved 1114112K
  class space    used 8063K, committed 8704K, reserved 1048576K
}
Event: 40.500 GC heap after
{Heap after GC invocations=47 (full 3):
 PSYoungGen      total 23040K, used 760K [0x00000000eab00000, 0x00000000ec600000, 0x0000000100000000)
  eden space 22016K, 0% used [0x00000000eab00000,0x00000000eab00000,0x00000000ec080000)
  from space 1024K, 74% used [0x00000000ec500000,0x00000000ec5be1a8,0x00000000ec600000)
  to   space 1024K, 0% used [0x00000000ec400000,0x00000000ec400000,0x00000000ec500000)
 ParOldGen       total 68608K, used 48429K [0x00000000c0000000, 0x00000000c4300000, 0x00000000eab00000)
  object space 68608K, 70% used [0x00000000c0000000,0x00000000c2f4b4a8,0x00000000c4300000)
 Metaspace       used 65484K, committed 66944K, reserved 1114112K
  class space    used 8063K, committed 8704K, reserved 1048576K
}
Event: 40.648 GC heap before
{Heap before GC invocations=48 (full 3):
 PSYoungGen      total 23040K, used 22776K [0x00000000eab00000, 0x00000000ec600000, 0x0000000100000000)
  eden space 22016K, 100% used [0x00000000eab00000,0x00000000ec080000,0x00000000ec080000)
  from space 1024K, 74% used [0x00000000ec500000,0x00000000ec5be1a8,0x00000000ec600000)
  to   space 1024K, 0% used [0x00000000ec400000,0x00000000ec400000,0x00000000ec500000)
 ParOldGen       total 91136K, used 85767K [0x00000000c0000000, 0x00000000c5900000, 0x00000000eab00000)
  object space 91136K, 94% used [0x00000000c0000000,0x00000000c53c1ff8,0x00000000c5900000)
 Metaspace       used 65526K, committed 67008K, reserved 1114112K
  class space    used 8065K, committed 8704K, reserved 1048576K
}
Event: 40.652 GC heap after
{Heap after GC invocations=48 (full 3):
 PSYoungGen      total 23040K, used 1008K [0x00000000eab00000, 0x00000000eca80000, 0x0000000100000000)
  eden space 22016K, 0% used [0x00000000eab00000,0x00000000eab00000,0x00000000ec080000)
  from space 1024K, 98% used [0x00000000ec400000,0x00000000ec4fc010,0x00000000ec500000)
  to   space 5120K, 0% used [0x00000000ec580000,0x00000000ec580000,0x00000000eca80000)
 ParOldGen       total 91136K, used 89041K [0x00000000c0000000, 0x00000000c5900000, 0x00000000eab00000)
  object space 91136K, 97% used [0x00000000c0000000,0x00000000c56f46b0,0x00000000c5900000)
 Metaspace       used 65526K, committed 67008K, reserved 1114112K
  class space    used 8065K, committed 8704K, reserved 1048576K
}
Event: 40.721 GC heap before
{Heap before GC invocations=49 (full 3):
 PSYoungGen      total 23040K, used 23024K [0x00000000eab00000, 0x00000000eca80000, 0x0000000100000000)
  eden space 22016K, 100% used [0x00000000eab00000,0x00000000ec080000,0x00000000ec080000)
  from space 1024K, 98% used [0x00000000ec400000,0x00000000ec4fc010,0x00000000ec500000)
  to   space 5120K, 0% used [0x00000000ec580000,0x00000000ec580000,0x00000000eca80000)
 ParOldGen       total 91136K, used 89041K [0x00000000c0000000, 0x00000000c5900000, 0x00000000eab00000)
  object space 91136K, 97% used [0x00000000c0000000,0x00000000c56f46b0,0x00000000c5900000)
 Metaspace       used 65527K, committed 67008K, reserved 1114112K
  class space    used 8065K, committed 8704K, reserved 1048576K
}
Event: 40.735 GC heap after
{Heap after GC invocations=49 (full 3):
 PSYoungGen      total 11776K, used 5120K [0x00000000eab00000, 0x00000000ee880000, 0x0000000100000000)
  eden space 6656K, 0% used [0x00000000eab00000,0x00000000eab00000,0x00000000eb180000)
  from space 5120K, 100% used [0x00000000ec580000,0x00000000eca80000,0x00000000eca80000)
  to   space 20480K, 0% used [0x00000000eb180000,0x00000000eb180000,0x00000000ec580000)
 ParOldGen       total 101888K, used 101677K [0x00000000c0000000, 0x00000000c6380000, 0x00000000eab00000)
  object space 101888K, 99% used [0x00000000c0000000,0x00000000c634b6e0,0x00000000c6380000)
 Metaspace       used 65527K, committed 67008K, reserved 1114112K
  class space    used 8065K, committed 8704K, reserved 1048576K
}
Event: 40.761 GC heap before
{Heap before GC invocations=50 (full 3):
 PSYoungGen      total 11776K, used 11776K [0x00000000eab00000, 0x00000000ee880000, 0x0000000100000000)
  eden space 6656K, 100% used [0x00000000eab00000,0x00000000eb180000,0x00000000eb180000)
  from space 5120K, 100% used [0x00000000ec580000,0x00000000eca80000,0x00000000eca80000)
  to   space 20480K, 0% used [0x00000000eb180000,0x00000000eb180000,0x00000000ec580000)
 ParOldGen       total 101888K, used 101677K [0x00000000c0000000, 0x00000000c6380000, 0x00000000eab00000)
  object space 101888K, 99% used [0x00000000c0000000,0x00000000c634b6e0,0x00000000c6380000)
 Metaspace       used 65527K, committed 67008K, reserved 1114112K
  class space    used 8065K, committed 8704K, reserved 1048576K
}
Event: 40.768 GC heap after
{Heap after GC invocations=50 (full 3):
 PSYoungGen      total 11776K, used 4704K [0x00000000eab00000, 0x00000000ec600000, 0x0000000100000000)
  eden space 6656K, 0% used [0x00000000eab00000,0x00000000eab00000,0x00000000eb180000)
  from space 5120K, 91% used [0x00000000eb180000,0x00000000eb618000,0x00000000eb680000)
  to   space 9728K, 0% used [0x00000000ebc80000,0x00000000ebc80000,0x00000000ec600000)
 ParOldGen       total 107008K, used 106861K [0x00000000c0000000, 0x00000000c6880000, 0x00000000eab00000)
  object space 107008K, 99% used [0x00000000c0000000,0x00000000c685b6e0,0x00000000c6880000)
 Metaspace       used 65527K, committed 67008K, reserved 1114112K
  class space    used 8065K, committed 8704K, reserved 1048576K
}
Event: 40.791 GC heap before
{Heap before GC invocations=51 (full 3):
 PSYoungGen      total 11776K, used 11360K [0x00000000eab00000, 0x00000000ec600000, 0x0000000100000000)
  eden space 6656K, 100% used [0x00000000eab00000,0x00000000eb180000,0x00000000eb180000)
  from space 5120K, 91% used [0x00000000eb180000,0x00000000eb618000,0x00000000eb680000)
  to   space 9728K, 0% used [0x00000000ebc80000,0x00000000ebc80000,0x00000000ec600000)
 ParOldGen       total 107008K, used 106861K [0x00000000c0000000, 0x00000000c6880000, 0x00000000eab00000)
  object space 107008K, 99% used [0x00000000c0000000,0x00000000c685b6e0,0x00000000c6880000)
 Metaspace       used 65527K, committed 67008K, reserved 1114112K
  class space    used 8065K, committed 8704K, reserved 1048576K
}
Event: 40.796 GC heap after
{Heap after GC invocations=51 (full 3):
 PSYoungGen      total 11776K, used 4896K [0x00000000eab00000, 0x00000000ec180000, 0x0000000100000000)
  eden space 6656K, 0% used [0x00000000eab00000,0x00000000eab00000,0x00000000eb180000)
  from space 5120K, 95% used [0x00000000ebc80000,0x00000000ec148000,0x00000000ec180000)
  to   space 5632K, 0% used [0x00000000eb680000,0x00000000eb680000,0x00000000ebc00000)
 ParOldGen       total 111616K, used 111429K [0x00000000c0000000, 0x00000000c6d00000, 0x00000000eab00000)
  object space 111616K, 99% used [0x00000000c0000000,0x00000000c6cd16e0,0x00000000c6d00000)
 Metaspace       used 65527K, committed 67008K, reserved 1114112K
  class space    used 8065K, committed 8704K, reserved 1048576K
}
Event: 40.830 GC heap before
{Heap before GC invocations=52 (full 3):
 PSYoungGen      total 11776K, used 11552K [0x00000000eab00000, 0x00000000ec180000, 0x0000000100000000)
  eden space 6656K, 100% used [0x00000000eab00000,0x00000000eb180000,0x00000000eb180000)
  from space 5120K, 95% used [0x00000000ebc80000,0x00000000ec148000,0x00000000ec180000)
  to   space 5632K, 0% used [0x00000000eb680000,0x00000000eb680000,0x00000000ebc00000)
 ParOldGen       total 111616K, used 111429K [0x00000000c0000000, 0x00000000c6d00000, 0x00000000eab00000)
  object space 111616K, 99% used [0x00000000c0000000,0x00000000c6cd16e0,0x00000000c6d00000)
 Metaspace       used 65527K, committed 67008K, reserved 1114112K
  class space    used 8065K, committed 8704K, reserved 1048576K
}
Event: 40.837 GC heap after
{Heap after GC invocations=52 (full 3):
 PSYoungGen      total 11776K, used 5120K [0x00000000eab00000, 0x00000000ebd00000, 0x0000000100000000)
  eden space 6656K, 0% used [0x00000000eab00000,0x00000000eab00000,0x00000000eb180000)
  from space 5120K, 100% used [0x00000000eb680000,0x00000000ebb80000,0x00000000ebb80000)
  to   space 1536K, 0% used [0x00000000ebb80000,0x00000000ebb80000,0x00000000ebd00000)
 ParOldGen       total 116736K, used 116229K [0x00000000c0000000, 0x00000000c7200000, 0x00000000eab00000)
  object space 116736K, 99% used [0x00000000c0000000,0x00000000c71816e0,0x00000000c7200000)
 Metaspace       used 65527K, committed 67008K, reserved 1114112K
  class space    used 8065K, committed 8704K, reserved 1048576K
}

