# JRE version: OpenJDK Runtime Environment Temurin-21.0.7+6 (21.0.7+6) (build 21.0.7+6-LTS)
# Java VM: OpenJDK 64-Bit Server VM Temurin-21.0.7+6 (21.0.7+6-LTS, mixed mode, sharing, tiered, compressed oops, compressed class ptrs, parallel gc, windows-amd64)
GC Precious Log:
 CardTable entry size: 512
 CPUs: 12 total, 12 available
 Memory: 16122M
 Large Page Support: Disabled
 NUMA Support: Disabled
 Compressed Oops: Enabled (32-bit)
 Alignments: Space 512K, Generation 512K, Heap 2M
 Heap Min Capacity: 100M
 Heap Initial Capacity: 100M
 Heap Max Capacity: 1G
 Pre-touch: Disabled
 Parallel Workers: 10
Heap:
 PSYoungGen      total 13824K, used 771K [0x00000000eab00000, 0x00000000ebb00000, 0x0000000100000000)
  eden space 13312K, 1% used [0x00000000eab00000,0x00000000eab40e98,0x00000000eb800000)
  from space 512K, 100% used [0x00000000eb800000,0x00000000eb880000,0x00000000eb880000)
  to   space 1024K, 0% used [0x00000000eba00000,0x00000000eba00000,0x00000000ebb00000)
 ParOldGen       total 68608K, used 45661K [0x00000000c0000000, 0x00000000c4300000, 0x00000000eab00000)
  object space 68608K, 66% used [0x00000000c0000000,0x00000000c2c976f8,0x00000000c4300000)
 Metaspace       used 63518K, committed 64896K, reserved 1114112K
  class space    used 7840K, committed 8512K, reserved 1048576K
GC Heap History (20 events):
Event: 10.810 GC heap before
{Heap before GC invocations=46 (full 3):
 PSYoungGen      total 15872K, used 15648K [0x00000000eab00000, 0x00000000ebd00000, 0x0000000100000000)
  eden space 15360K, 100% used [0x00000000eab00000,0x00000000eba00000,0x00000000eba00000)
  from space 512K, 56% used [0x00000000ebc80000,0x00000000ebcc8000,0x00000000ebd00000)
  to   space 1024K, 0% used [0x00000000ebb00000,0x00000000ebb00000,0x00000000ebc00000)
 ParOldGen       total 68608K, used 40124K [0x00000000c0000000, 0x00000000c4300000, 0x00000000eab00000)
  object space 68608K, 58% used [0x00000000c0000000,0x00000000c272f368,0x00000000c4300000)
 Metaspace       used 60971K, committed 62272K, reserved 1114112K
  class space    used 7514K, committed 8128K, reserved 1048576K
}
Event: 10.810 GC heap after
{Heap after GC invocations=46 (full 3):
 PSYoungGen      total 16384K, used 1011K [0x00000000eab00000, 0x00000000ebd00000, 0x0000000100000000)
  eden space 15360K, 0% used [0x00000000eab00000,0x00000000eab00000,0x00000000eba00000)
  from space 1024K, 98% used [0x00000000ebb00000,0x00000000ebbfcf40,0x00000000ebc00000)
  to   space 1024K, 0% used [0x00000000ebc00000,0x00000000ebc00000,0x00000000ebd00000)
 ParOldGen       total 68608K, used 40346K [0x00000000c0000000, 0x00000000c4300000, 0x00000000eab00000)
  object space 68608K, 58% used [0x00000000c0000000,0x00000000c2766bc0,0x00000000c4300000)
 Metaspace       used 60971K, committed 62272K, reserved 1114112K
  class space    used 7514K, committed 8128K, reserved 1048576K
}
Event: 10.891 GC heap before
{Heap before GC invocations=47 (full 3):
 PSYoungGen      total 16384K, used 16371K [0x00000000eab00000, 0x00000000ebd00000, 0x0000000100000000)
  eden space 15360K, 100% used [0x00000000eab00000,0x00000000eba00000,0x00000000eba00000)
  from space 1024K, 98% used [0x00000000ebb00000,0x00000000ebbfcf40,0x00000000ebc00000)
  to   space 1024K, 0% used [0x00000000ebc00000,0x00000000ebc00000,0x00000000ebd00000)
 ParOldGen       total 68608K, used 40346K [0x00000000c0000000, 0x00000000c4300000, 0x00000000eab00000)
  object space 68608K, 58% used [0x00000000c0000000,0x00000000c2766bc0,0x00000000c4300000)
 Metaspace       used 60971K, committed 62272K, reserved 1114112K
  class space    used 7514K, committed 8128K, reserved 1048576K
}
Event: 10.891 GC heap after
{Heap after GC invocations=47 (full 3):
 PSYoungGen      total 16384K, used 802K [0x00000000eab00000, 0x00000000ebd00000, 0x0000000100000000)
  eden space 15360K, 0% used [0x00000000eab00000,0x00000000eab00000,0x00000000eba00000)
  from space 1024K, 78% used [0x00000000ebc00000,0x00000000ebcc88e0,0x00000000ebd00000)
  to   space 1024K, 0% used [0x00000000ebb00000,0x00000000ebb00000,0x00000000ebc00000)
 ParOldGen       total 68608K, used 40386K [0x00000000c0000000, 0x00000000c4300000, 0x00000000eab00000)
  object space 68608K, 58% used [0x00000000c0000000,0x00000000c2770bc0,0x00000000c4300000)
 Metaspace       used 60971K, committed 62272K, reserved 1114112K
  class space    used 7514K, committed 8128K, reserved 1048576K
}
Event: 10.974 GC heap before
{Heap before GC invocations=48 (full 3):
 PSYoungGen      total 16384K, used 16162K [0x00000000eab00000, 0x00000000ebd00000, 0x0000000100000000)
  eden space 15360K, 100% used [0x00000000eab00000,0x00000000eba00000,0x00000000eba00000)
  from space 1024K, 78% used [0x00000000ebc00000,0x00000000ebcc88e0,0x00000000ebd00000)
  to   space 1024K, 0% used [0x00000000ebb00000,0x00000000ebb00000,0x00000000ebc00000)
 ParOldGen       total 68608K, used 40386K [0x00000000c0000000, 0x00000000c4300000, 0x00000000eab00000)
  object space 68608K, 58% used [0x00000000c0000000,0x00000000c2770bc0,0x00000000c4300000)
 Metaspace       used 60971K, committed 62272K, reserved 1114112K
  class space    used 7514K, committed 8128K, reserved 1048576K
}
Event: 10.975 GC heap after
{Heap after GC invocations=48 (full 3):
 PSYoungGen      total 16384K, used 256K [0x00000000eab00000, 0x00000000ebc80000, 0x0000000100000000)
  eden space 15360K, 0% used [0x00000000eab00000,0x00000000eab00000,0x00000000eba00000)
  from space 1024K, 25% used [0x00000000ebb00000,0x00000000ebb40000,0x00000000ebc00000)
  to   space 512K, 0% used [0x00000000ebc00000,0x00000000ebc00000,0x00000000ebc80000)
 ParOldGen       total 68608K, used 40537K [0x00000000c0000000, 0x00000000c4300000, 0x00000000eab00000)
  object space 68608K, 59% used [0x00000000c0000000,0x00000000c27965e0,0x00000000c4300000)
 Metaspace       used 60971K, committed 62272K, reserved 1114112K
  class space    used 7514K, committed 8128K, reserved 1048576K
}
Event: 11.056 GC heap before
{Heap before GC invocations=49 (full 3):
 PSYoungGen      total 16384K, used 15616K [0x00000000eab00000, 0x00000000ebc80000, 0x0000000100000000)
  eden space 15360K, 100% used [0x00000000eab00000,0x00000000eba00000,0x00000000eba00000)
  from space 1024K, 25% used [0x00000000ebb00000,0x00000000ebb40000,0x00000000ebc00000)
  to   space 512K, 0% used [0x00000000ebc00000,0x00000000ebc00000,0x00000000ebc80000)
 ParOldGen       total 68608K, used 40537K [0x00000000c0000000, 0x00000000c4300000, 0x00000000eab00000)
  object space 68608K, 59% used [0x00000000c0000000,0x00000000c27965e0,0x00000000c4300000)
 Metaspace       used 60971K, committed 62272K, reserved 1114112K
  class space    used 7514K, committed 8128K, reserved 1048576K
}
Event: 11.057 GC heap after
{Heap after GC invocations=49 (full 3):
 PSYoungGen      total 15872K, used 495K [0x00000000eab00000, 0x00000000ebd00000, 0x0000000100000000)
  eden space 15360K, 0% used [0x00000000eab00000,0x00000000eab00000,0x00000000eba00000)
  from space 512K, 96% used [0x00000000ebc00000,0x00000000ebc7beb0,0x00000000ebc80000)
  to   space 1536K, 0% used [0x00000000eba00000,0x00000000eba00000,0x00000000ebb80000)
 ParOldGen       total 68608K, used 41277K [0x00000000c0000000, 0x00000000c4300000, 0x00000000eab00000)
  object space 68608K, 60% used [0x00000000c0000000,0x00000000c284f4e8,0x00000000c4300000)
 Metaspace       used 60971K, committed 62272K, reserved 1114112K
  class space    used 7514K, committed 8128K, reserved 1048576K
}
Event: 11.232 GC heap before
{Heap before GC invocations=50 (full 3):
 PSYoungGen      total 15872K, used 15855K [0x00000000eab00000, 0x00000000ebd00000, 0x0000000100000000)
  eden space 15360K, 100% used [0x00000000eab00000,0x00000000eba00000,0x00000000eba00000)
  from space 512K, 96% used [0x00000000ebc00000,0x00000000ebc7beb0,0x00000000ebc80000)
  to   space 1536K, 0% used [0x00000000eba00000,0x00000000eba00000,0x00000000ebb80000)
 ParOldGen       total 68608K, used 41277K [0x00000000c0000000, 0x00000000c4300000, 0x00000000eab00000)
  object space 68608K, 60% used [0x00000000c0000000,0x00000000c284f4e8,0x00000000c4300000)
 Metaspace       used 61931K, committed 63232K, reserved 1114112K
  class space    used 7656K, committed 8256K, reserved 1048576K
}
Event: 11.234 GC heap after
{Heap after GC invocations=50 (full 3):
 PSYoungGen      total 16896K, used 480K [0x00000000eab00000, 0x00000000ebc80000, 0x0000000100000000)
  eden space 15360K, 0% used [0x00000000eab00000,0x00000000eab00000,0x00000000eba00000)
  from space 1536K, 31% used [0x00000000eba00000,0x00000000eba78000,0x00000000ebb80000)
  to   space 1024K, 0% used [0x00000000ebb80000,0x00000000ebb80000,0x00000000ebc80000)
 ParOldGen       total 68608K, used 41309K [0x00000000c0000000, 0x00000000c4300000, 0x00000000eab00000)
  object space 68608K, 60% used [0x00000000c0000000,0x00000000c28574e8,0x00000000c4300000)
 Metaspace       used 61931K, committed 63232K, reserved 1114112K
  class space    used 7656K, committed 8256K, reserved 1048576K
}
Event: 12.525 GC heap before
{Heap before GC invocations=51 (full 3):
 PSYoungGen      total 16896K, used 15840K [0x00000000eab00000, 0x00000000ebc80000, 0x0000000100000000)
  eden space 15360K, 100% used [0x00000000eab00000,0x00000000eba00000,0x00000000eba00000)
  from space 1536K, 31% used [0x00000000eba00000,0x00000000eba78000,0x00000000ebb80000)
  to   space 1024K, 0% used [0x00000000ebb80000,0x00000000ebb80000,0x00000000ebc80000)
 ParOldGen       total 68608K, used 41309K [0x00000000c0000000, 0x00000000c4300000, 0x00000000eab00000)
  object space 68608K, 60% used [0x00000000c0000000,0x00000000c28574e8,0x00000000c4300000)
 Metaspace       used 62752K, committed 64128K, reserved 1114112K
  class space    used 7742K, committed 8384K, reserved 1048576K
}
Event: 12.526 GC heap after
{Heap after GC invocations=51 (full 3):
 PSYoungGen      total 16384K, used 688K [0x00000000eab00000, 0x00000000ebc80000, 0x0000000100000000)
  eden space 15360K, 0% used [0x00000000eab00000,0x00000000eab00000,0x00000000eba00000)
  from space 1024K, 67% used [0x00000000ebb80000,0x00000000ebc2c020,0x00000000ebc80000)
  to   space 1024K, 0% used [0x00000000eba80000,0x00000000eba80000,0x00000000ebb80000)
 ParOldGen       total 68608K, used 41581K [0x00000000c0000000, 0x00000000c4300000, 0x00000000eab00000)
  object space 68608K, 60% used [0x00000000c0000000,0x00000000c289b4e8,0x00000000c4300000)
 Metaspace       used 62752K, committed 64128K, reserved 1114112K
  class space    used 7742K, committed 8384K, reserved 1048576K
}
Event: 12.682 GC heap before
{Heap before GC invocations=52 (full 3):
 PSYoungGen      total 16384K, used 16048K [0x00000000eab00000, 0x00000000ebc80000, 0x0000000100000000)
  eden space 15360K, 100% used [0x00000000eab00000,0x00000000eba00000,0x00000000eba00000)
  from space 1024K, 67% used [0x00000000ebb80000,0x00000000ebc2c020,0x00000000ebc80000)
  to   space 1024K, 0% used [0x00000000eba80000,0x00000000eba80000,0x00000000ebb80000)
 ParOldGen       total 68608K, used 41581K [0x00000000c0000000, 0x00000000c4300000, 0x00000000eab00000)
  object space 68608K, 60% used [0x00000000c0000000,0x00000000c289b4e8,0x00000000c4300000)
 Metaspace       used 62769K, committed 64128K, reserved 1114112K
  class space    used 7742K, committed 8384K, reserved 1048576K
}
Event: 12.684 GC heap after
{Heap after GC invocations=52 (full 3):
 PSYoungGen      total 16384K, used 160K [0x00000000eab00000, 0x00000000ebc00000, 0x0000000100000000)
  eden space 15360K, 0% used [0x00000000eab00000,0x00000000eab00000,0x00000000eba00000)
  from space 1024K, 15% used [0x00000000eba80000,0x00000000ebaa8000,0x00000000ebb80000)
  to   space 512K, 0% used [0x00000000ebb80000,0x00000000ebb80000,0x00000000ebc00000)
 ParOldGen       total 68608K, used 42189K [0x00000000c0000000, 0x00000000c4300000, 0x00000000eab00000)
  object space 68608K, 61% used [0x00000000c0000000,0x00000000c2933538,0x00000000c4300000)
 Metaspace       used 62769K, committed 64128K, reserved 1114112K
  class space    used 7742K, committed 8384K, reserved 1048576K
}
Event: 12.914 GC heap before
{Heap before GC invocations=53 (full 3):
 PSYoungGen      total 16384K, used 15520K [0x00000000eab00000, 0x00000000ebc00000, 0x0000000100000000)
  eden space 15360K, 100% used [0x00000000eab00000,0x00000000eba00000,0x00000000eba00000)
  from space 1024K, 15% used [0x00000000eba80000,0x00000000ebaa8000,0x00000000ebb80000)
  to   space 512K, 0% used [0x00000000ebb80000,0x00000000ebb80000,0x00000000ebc00000)
 ParOldGen       total 68608K, used 42189K [0x00000000c0000000, 0x00000000c4300000, 0x00000000eab00000)
  object space 68608K, 61% used [0x00000000c0000000,0x00000000c2933538,0x00000000c4300000)
 Metaspace       used 63101K, committed 64448K, reserved 1114112K
  class space    used 7802K, committed 8448K, reserved 1048576K
}
Event: 12.916 GC heap after
{Heap after GC invocations=53 (full 3):
 PSYoungGen      total 13824K, used 512K [0x00000000eab00000, 0x00000000ec100000, 0x0000000100000000)
  eden space 13312K, 0% used [0x00000000eab00000,0x00000000eab00000,0x00000000eb800000)
  from space 512K, 100% used [0x00000000ebb80000,0x00000000ebc00000,0x00000000ebc00000)
  to   space 3584K, 0% used [0x00000000eb800000,0x00000000eb800000,0x00000000ebb80000)
 ParOldGen       total 68608K, used 44687K [0x00000000c0000000, 0x00000000c4300000, 0x00000000eab00000)
  object space 68608K, 65% used [0x00000000c0000000,0x00000000c2ba3c40,0x00000000c4300000)
 Metaspace       used 63101K, committed 64448K, reserved 1114112K
  class space    used 7802K, committed 8448K, reserved 1048576K
}
Event: 13.715 GC heap before
{Heap before GC invocations=54 (full 3):
 PSYoungGen      total 13824K, used 13824K [0x00000000eab00000, 0x00000000ec100000, 0x0000000100000000)
  eden space 13312K, 100% used [0x00000000eab00000,0x00000000eb800000,0x00000000eb800000)
  from space 512K, 100% used [0x00000000ebb80000,0x00000000ebc00000,0x00000000ebc00000)
  to   space 3584K, 0% used [0x00000000eb800000,0x00000000eb800000,0x00000000ebb80000)
 ParOldGen       total 68608K, used 44687K [0x00000000c0000000, 0x00000000c4300000, 0x00000000eab00000)
  object space 68608K, 65% used [0x00000000c0000000,0x00000000c2ba3c40,0x00000000c4300000)
 Metaspace       used 63505K, committed 64896K, reserved 1114112K
  class space    used 7840K, committed 8512K, reserved 1048576K
}
Event: 13.728 GC heap after
{Heap after GC invocations=54 (full 3):
 PSYoungGen      total 13824K, used 451K [0x00000000eab00000, 0x00000000ebc00000, 0x0000000100000000)
  eden space 13312K, 0% used [0x00000000eab00000,0x00000000eab00000,0x00000000eb800000)
  from space 512K, 88% used [0x00000000eb800000,0x00000000eb870ea8,0x00000000eb880000)
  to   space 1536K, 0% used [0x00000000eba80000,0x00000000eba80000,0x00000000ebc00000)
 ParOldGen       total 68608K, used 45194K [0x00000000c0000000, 0x00000000c4300000, 0x00000000eab00000)
  object space 68608K, 65% used [0x00000000c0000000,0x00000000c2c22830,0x00000000c4300000)
 Metaspace       used 63505K, committed 64896K, reserved 1114112K
  class space    used 7840K, committed 8512K, reserved 1048576K
}
Event: 14.236 GC heap before
{Heap before GC invocations=55 (full 3):
 PSYoungGen      total 13824K, used 13763K [0x00000000eab00000, 0x00000000ebc00000, 0x0000000100000000)
  eden space 13312K, 100% used [0x00000000eab00000,0x00000000eb800000,0x00000000eb800000)
  from space 512K, 88% used [0x00000000eb800000,0x00000000eb870ea8,0x00000000eb880000)
  to   space 1536K, 0% used [0x00000000eba80000,0x00000000eba80000,0x00000000ebc00000)
 ParOldGen       total 68608K, used 45194K [0x00000000c0000000, 0x00000000c4300000, 0x00000000eab00000)
  object space 68608K, 65% used [0x00000000c0000000,0x00000000c2c22830,0x00000000c4300000)
 Metaspace       used 63509K, committed 64896K, reserved 1114112K
  class space    used 7840K, committed 8512K, reserved 1048576K
}
Event: 14.237 GC heap after
{Heap after GC invocations=55 (full 3):
 PSYoungGen      total 13824K, used 96K [0x00000000eab00000, 0x00000000ebb00000, 0x0000000100000000)
  eden space 13312K, 0% used [0x00000000eab00000,0x00000000eab00000,0x00000000eb800000)
  from space 512K, 18% used [0x00000000eba80000,0x00000000eba98000,0x00000000ebb00000)
  to   space 512K, 0% used [0x00000000eb800000,0x00000000eb800000,0x00000000eb880000)
 ParOldGen       total 68608K, used 45581K [0x00000000c0000000, 0x00000000c4300000, 0x00000000eab00000)
  object space 68608K, 66% used [0x00000000c0000000,0x00000000c2c836e8,0x00000000c4300000)
 Metaspace       used 63509K, committed 64896K, reserved 1114112K
  class space    used 7840K, committed 8512K, reserved 1048576K
}

