# JRE version: OpenJDK Runtime Environment Temurin-21.0.7+6 (21.0.7+6) (build 21.0.7+6-LTS)
# Java VM: OpenJDK 64-Bit Server VM Temurin-21.0.7+6 (21.0.7+6-LTS, mixed mode, sharing, tiered, compressed oops, compressed class ptrs, parallel gc, windows-amd64)
GC Precious Log:
 CardTable entry size: 512
 CPUs: 12 total, 12 available
 Memory: 16122M
 Large Page Support: Disabled
 NUMA Support: Disabled
 Compressed Oops: Enabled (32-bit)
 Alignments: Space 512K, Generation 512K, Heap 2M
 Heap Min Capacity: 100M
 Heap Initial Capacity: 100M
 Heap Max Capacity: 1G
 Pre-touch: Disabled
 Parallel Workers: 10
Heap:
 PSYoungGen      total 22528K, used 6008K [0x00000000eab00000, 0x00000000ec300000, 0x0000000100000000)
  eden space 21504K, 24% used [0x00000000eab00000,0x00000000eb02e2a0,0x00000000ec000000)
  from space 1024K, 68% used [0x00000000ec100000,0x00000000ec1b0000,0x00000000ec200000)
  to   space 1024K, 0% used [0x00000000ec200000,0x00000000ec200000,0x00000000ec300000)
 ParOldGen       total 68608K, used 47096K [0x00000000c0000000, 0x00000000c4300000, 0x00000000eab00000)
  object space 68608K, 68% used [0x00000000c0000000,0x00000000c2dfe1c8,0x00000000c4300000)
 Metaspace       used 65076K, committed 66560K, reserved 1114112K
  class space    used 8028K, committed 8704K, reserved 1048576K
GC Heap History (20 events):
Event: 6.750 GC heap before
{Heap before GC invocations=36 (full 3):
 PSYoungGen      total 22528K, used 22515K [0x00000000eab00000, 0x00000000ec680000, 0x0000000100000000)
  eden space 22016K, 100% used [0x00000000eab00000,0x00000000ec080000,0x00000000ec080000)
  from space 512K, 97% used [0x00000000ec600000,0x00000000ec67ce20,0x00000000ec680000)
  to   space 1536K, 0% used [0x00000000ec380000,0x00000000ec380000,0x00000000ec500000)
 ParOldGen       total 68608K, used 39496K [0x00000000c0000000, 0x00000000c4300000, 0x00000000eab00000)
  object space 68608K, 57% used [0x00000000c0000000,0x00000000c26923d8,0x00000000c4300000)
 Metaspace       used 61026K, committed 62400K, reserved 1114112K
  class space    used 7517K, committed 8128K, reserved 1048576K
}
Event: 6.751 GC heap after
{Heap after GC invocations=36 (full 3):
 PSYoungGen      total 23552K, used 1161K [0x00000000eab00000, 0x00000000ec680000, 0x0000000100000000)
  eden space 22016K, 0% used [0x00000000eab00000,0x00000000eab00000,0x00000000ec080000)
  from space 1536K, 75% used [0x00000000ec380000,0x00000000ec4a2640,0x00000000ec500000)
  to   space 1536K, 0% used [0x00000000ec500000,0x00000000ec500000,0x00000000ec680000)
 ParOldGen       total 68608K, used 39566K [0x00000000c0000000, 0x00000000c4300000, 0x00000000eab00000)
  object space 68608K, 57% used [0x00000000c0000000,0x00000000c26a3a08,0x00000000c4300000)
 Metaspace       used 61026K, committed 62400K, reserved 1114112K
  class space    used 7517K, committed 8128K, reserved 1048576K
}
Event: 6.881 GC heap before
{Heap before GC invocations=37 (full 3):
 PSYoungGen      total 23552K, used 23176K [0x00000000eab00000, 0x00000000ec680000, 0x0000000100000000)
  eden space 22016K, 99% used [0x00000000eab00000,0x00000000ec07fcb0,0x00000000ec080000)
  from space 1536K, 75% used [0x00000000ec380000,0x00000000ec4a2640,0x00000000ec500000)
  to   space 1536K, 0% used [0x00000000ec500000,0x00000000ec500000,0x00000000ec680000)
 ParOldGen       total 68608K, used 39566K [0x00000000c0000000, 0x00000000c4300000, 0x00000000eab00000)
  object space 68608K, 57% used [0x00000000c0000000,0x00000000c26a3a08,0x00000000c4300000)
 Metaspace       used 61026K, committed 62400K, reserved 1114112K
  class space    used 7517K, committed 8128K, reserved 1048576K
}
Event: 6.881 GC heap after
{Heap after GC invocations=37 (full 3):
 PSYoungGen      total 23552K, used 1261K [0x00000000eab00000, 0x00000000ec680000, 0x0000000100000000)
  eden space 22016K, 0% used [0x00000000eab00000,0x00000000eab00000,0x00000000ec080000)
  from space 1536K, 82% used [0x00000000ec500000,0x00000000ec63b5c0,0x00000000ec680000)
  to   space 1536K, 0% used [0x00000000ec380000,0x00000000ec380000,0x00000000ec500000)
 ParOldGen       total 68608K, used 39662K [0x00000000c0000000, 0x00000000c4300000, 0x00000000eab00000)
  object space 68608K, 57% used [0x00000000c0000000,0x00000000c26bba08,0x00000000c4300000)
 Metaspace       used 61026K, committed 62400K, reserved 1114112K
  class space    used 7517K, committed 8128K, reserved 1048576K
}
Event: 7.032 GC heap before
{Heap before GC invocations=38 (full 3):
 PSYoungGen      total 23552K, used 23277K [0x00000000eab00000, 0x00000000ec680000, 0x0000000100000000)
  eden space 22016K, 100% used [0x00000000eab00000,0x00000000ec080000,0x00000000ec080000)
  from space 1536K, 82% used [0x00000000ec500000,0x00000000ec63b5c0,0x00000000ec680000)
  to   space 1536K, 0% used [0x00000000ec380000,0x00000000ec380000,0x00000000ec500000)
 ParOldGen       total 68608K, used 39662K [0x00000000c0000000, 0x00000000c4300000, 0x00000000eab00000)
  object space 68608K, 57% used [0x00000000c0000000,0x00000000c26bba08,0x00000000c4300000)
 Metaspace       used 61026K, committed 62400K, reserved 1114112K
  class space    used 7517K, committed 8128K, reserved 1048576K
}
Event: 7.033 GC heap after
{Heap after GC invocations=38 (full 3):
 PSYoungGen      total 23552K, used 1209K [0x00000000eab00000, 0x00000000ec580000, 0x0000000100000000)
  eden space 22016K, 0% used [0x00000000eab00000,0x00000000eab00000,0x00000000ec080000)
  from space 1536K, 78% used [0x00000000ec380000,0x00000000ec4ae790,0x00000000ec500000)
  to   space 512K, 0% used [0x00000000ec500000,0x00000000ec500000,0x00000000ec580000)
 ParOldGen       total 68608K, used 39702K [0x00000000c0000000, 0x00000000c4300000, 0x00000000eab00000)
  object space 68608K, 57% used [0x00000000c0000000,0x00000000c26c5a08,0x00000000c4300000)
 Metaspace       used 61026K, committed 62400K, reserved 1114112K
  class space    used 7517K, committed 8128K, reserved 1048576K
}
Event: 7.153 GC heap before
{Heap before GC invocations=39 (full 3):
 PSYoungGen      total 23552K, used 23225K [0x00000000eab00000, 0x00000000ec580000, 0x0000000100000000)
  eden space 22016K, 100% used [0x00000000eab00000,0x00000000ec080000,0x00000000ec080000)
  from space 1536K, 78% used [0x00000000ec380000,0x00000000ec4ae790,0x00000000ec500000)
  to   space 512K, 0% used [0x00000000ec500000,0x00000000ec500000,0x00000000ec580000)
 ParOldGen       total 68608K, used 39702K [0x00000000c0000000, 0x00000000c4300000, 0x00000000eab00000)
  object space 68608K, 57% used [0x00000000c0000000,0x00000000c26c5a08,0x00000000c4300000)
 Metaspace       used 61026K, committed 62400K, reserved 1114112K
  class space    used 7517K, committed 8128K, reserved 1048576K
}
Event: 7.154 GC heap after
{Heap after GC invocations=39 (full 3):
 PSYoungGen      total 22528K, used 508K [0x00000000eab00000, 0x00000000ec580000, 0x0000000100000000)
  eden space 22016K, 0% used [0x00000000eab00000,0x00000000eab00000,0x00000000ec080000)
  from space 512K, 99% used [0x00000000ec500000,0x00000000ec57f300,0x00000000ec580000)
  to   space 1536K, 0% used [0x00000000ec280000,0x00000000ec280000,0x00000000ec400000)
 ParOldGen       total 68608K, used 40350K [0x00000000c0000000, 0x00000000c4300000, 0x00000000eab00000)
  object space 68608K, 58% used [0x00000000c0000000,0x00000000c2767a98,0x00000000c4300000)
 Metaspace       used 61026K, committed 62400K, reserved 1114112K
  class space    used 7517K, committed 8128K, reserved 1048576K
}
Event: 7.249 GC heap before
{Heap before GC invocations=40 (full 3):
 PSYoungGen      total 22528K, used 22524K [0x00000000eab00000, 0x00000000ec580000, 0x0000000100000000)
  eden space 22016K, 100% used [0x00000000eab00000,0x00000000ec080000,0x00000000ec080000)
  from space 512K, 99% used [0x00000000ec500000,0x00000000ec57f300,0x00000000ec580000)
  to   space 1536K, 0% used [0x00000000ec280000,0x00000000ec280000,0x00000000ec400000)
 ParOldGen       total 68608K, used 40350K [0x00000000c0000000, 0x00000000c4300000, 0x00000000eab00000)
  object space 68608K, 58% used [0x00000000c0000000,0x00000000c2767a98,0x00000000c4300000)
 Metaspace       used 61027K, committed 62400K, reserved 1114112K
  class space    used 7517K, committed 8128K, reserved 1048576K
}
Event: 7.250 GC heap after
{Heap after GC invocations=40 (full 3):
 PSYoungGen      total 23552K, used 1399K [0x00000000eab00000, 0x00000000ec580000, 0x0000000100000000)
  eden space 22016K, 0% used [0x00000000eab00000,0x00000000eab00000,0x00000000ec080000)
  from space 1536K, 91% used [0x00000000ec280000,0x00000000ec3ddfb8,0x00000000ec400000)
  to   space 1536K, 0% used [0x00000000ec400000,0x00000000ec400000,0x00000000ec580000)
 ParOldGen       total 68608K, used 40382K [0x00000000c0000000, 0x00000000c4300000, 0x00000000eab00000)
  object space 68608K, 58% used [0x00000000c0000000,0x00000000c276fa98,0x00000000c4300000)
 Metaspace       used 61027K, committed 62400K, reserved 1114112K
  class space    used 7517K, committed 8128K, reserved 1048576K
}
Event: 7.447 GC heap before
{Heap before GC invocations=41 (full 3):
 PSYoungGen      total 23552K, used 23415K [0x00000000eab00000, 0x00000000ec580000, 0x0000000100000000)
  eden space 22016K, 100% used [0x00000000eab00000,0x00000000ec080000,0x00000000ec080000)
  from space 1536K, 91% used [0x00000000ec280000,0x00000000ec3ddfb8,0x00000000ec400000)
  to   space 1536K, 0% used [0x00000000ec400000,0x00000000ec400000,0x00000000ec580000)
 ParOldGen       total 68608K, used 40382K [0x00000000c0000000, 0x00000000c4300000, 0x00000000eab00000)
  object space 68608K, 58% used [0x00000000c0000000,0x00000000c276fa98,0x00000000c4300000)
 Metaspace       used 62497K, committed 63872K, reserved 1114112K
  class space    used 7737K, committed 8384K, reserved 1048576K
}
Event: 7.449 GC heap after
{Heap after GC invocations=41 (full 3):
 PSYoungGen      total 23040K, used 848K [0x00000000eab00000, 0x00000000ec500000, 0x0000000100000000)
  eden space 22016K, 0% used [0x00000000eab00000,0x00000000eab00000,0x00000000ec080000)
  from space 1024K, 82% used [0x00000000ec400000,0x00000000ec4d4010,0x00000000ec500000)
  to   space 1536K, 0% used [0x00000000ec200000,0x00000000ec200000,0x00000000ec380000)
 ParOldGen       total 68608K, used 40462K [0x00000000c0000000, 0x00000000c4300000, 0x00000000eab00000)
  object space 68608K, 58% used [0x00000000c0000000,0x00000000c2783a98,0x00000000c4300000)
 Metaspace       used 62497K, committed 63872K, reserved 1114112K
  class space    used 7737K, committed 8384K, reserved 1048576K
}
Event: 7.978 GC heap before
{Heap before GC invocations=42 (full 3):
 PSYoungGen      total 23040K, used 22864K [0x00000000eab00000, 0x00000000ec500000, 0x0000000100000000)
  eden space 22016K, 100% used [0x00000000eab00000,0x00000000ec080000,0x00000000ec080000)
  from space 1024K, 82% used [0x00000000ec400000,0x00000000ec4d4010,0x00000000ec500000)
  to   space 1536K, 0% used [0x00000000ec200000,0x00000000ec200000,0x00000000ec380000)
 ParOldGen       total 68608K, used 40462K [0x00000000c0000000, 0x00000000c4300000, 0x00000000eab00000)
  object space 68608K, 58% used [0x00000000c0000000,0x00000000c2783a98,0x00000000c4300000)
 Metaspace       used 62795K, committed 64128K, reserved 1114112K
  class space    used 7745K, committed 8384K, reserved 1048576K
}
Event: 7.980 GC heap after
{Heap after GC invocations=42 (full 3):
 PSYoungGen      total 23552K, used 288K [0x00000000eab00000, 0x00000000ec480000, 0x0000000100000000)
  eden space 22016K, 0% used [0x00000000eab00000,0x00000000eab00000,0x00000000ec080000)
  from space 1536K, 18% used [0x00000000ec200000,0x00000000ec248010,0x00000000ec380000)
  to   space 1024K, 0% used [0x00000000ec380000,0x00000000ec380000,0x00000000ec480000)
 ParOldGen       total 68608K, used 41162K [0x00000000c0000000, 0x00000000c4300000, 0x00000000eab00000)
  object space 68608K, 59% used [0x00000000c0000000,0x00000000c2832ac8,0x00000000c4300000)
 Metaspace       used 62795K, committed 64128K, reserved 1114112K
  class space    used 7745K, committed 8384K, reserved 1048576K
}
Event: 8.241 GC heap before
{Heap before GC invocations=43 (full 3):
 PSYoungGen      total 23552K, used 22304K [0x00000000eab00000, 0x00000000ec480000, 0x0000000100000000)
  eden space 22016K, 100% used [0x00000000eab00000,0x00000000ec080000,0x00000000ec080000)
  from space 1536K, 18% used [0x00000000ec200000,0x00000000ec248010,0x00000000ec380000)
  to   space 1024K, 0% used [0x00000000ec380000,0x00000000ec380000,0x00000000ec480000)
 ParOldGen       total 68608K, used 41162K [0x00000000c0000000, 0x00000000c4300000, 0x00000000eab00000)
  object space 68608K, 59% used [0x00000000c0000000,0x00000000c2832ac8,0x00000000c4300000)
 Metaspace       used 63427K, committed 64896K, reserved 1114112K
  class space    used 7829K, committed 8512K, reserved 1048576K
}
Event: 8.243 GC heap after
{Heap after GC invocations=43 (full 3):
 PSYoungGen      total 22528K, used 1008K [0x00000000eab00000, 0x00000000ec780000, 0x0000000100000000)
  eden space 21504K, 0% used [0x00000000eab00000,0x00000000eab00000,0x00000000ec000000)
  from space 1024K, 98% used [0x00000000ec380000,0x00000000ec47c260,0x00000000ec480000)
  to   space 3584K, 0% used [0x00000000ec000000,0x00000000ec000000,0x00000000ec380000)
 ParOldGen       total 68608K, used 43161K [0x00000000c0000000, 0x00000000c4300000, 0x00000000eab00000)
  object space 68608K, 62% used [0x00000000c0000000,0x00000000c2a26548,0x00000000c4300000)
 Metaspace       used 63427K, committed 64896K, reserved 1114112K
  class space    used 7829K, committed 8512K, reserved 1048576K
}
Event: 9.066 GC heap before
{Heap before GC invocations=44 (full 3):
 PSYoungGen      total 22528K, used 22512K [0x00000000eab00000, 0x00000000ec780000, 0x0000000100000000)
  eden space 21504K, 100% used [0x00000000eab00000,0x00000000ec000000,0x00000000ec000000)
  from space 1024K, 98% used [0x00000000ec380000,0x00000000ec47c260,0x00000000ec480000)
  to   space 3584K, 0% used [0x00000000ec000000,0x00000000ec000000,0x00000000ec380000)
 ParOldGen       total 68608K, used 43161K [0x00000000c0000000, 0x00000000c4300000, 0x00000000eab00000)
  object space 68608K, 62% used [0x00000000c0000000,0x00000000c2a26548,0x00000000c4300000)
 Metaspace       used 63575K, committed 65024K, reserved 1114112K
  class space    used 7846K, committed 8512K, reserved 1048576K
}
Event: 9.068 GC heap after
{Heap after GC invocations=44 (full 3):
 PSYoungGen      total 22016K, used 435K [0x00000000eab00000, 0x00000000ec400000, 0x0000000100000000)
  eden space 21504K, 0% used [0x00000000eab00000,0x00000000eab00000,0x00000000ec000000)
  from space 512K, 85% used [0x00000000ec000000,0x00000000ec06ce98,0x00000000ec080000)
  to   space 1536K, 0% used [0x00000000ec280000,0x00000000ec280000,0x00000000ec400000)
 ParOldGen       total 68608K, used 44056K [0x00000000c0000000, 0x00000000c4300000, 0x00000000eab00000)
  object space 68608K, 64% used [0x00000000c0000000,0x00000000c2b06288,0x00000000c4300000)
 Metaspace       used 63575K, committed 65024K, reserved 1114112K
  class space    used 7846K, committed 8512K, reserved 1048576K
}
Event: 9.258 GC heap before
{Heap before GC invocations=45 (full 3):
 PSYoungGen      total 22016K, used 21939K [0x00000000eab00000, 0x00000000ec400000, 0x0000000100000000)
  eden space 21504K, 99% used [0x00000000eab00000,0x00000000ebffffc8,0x00000000ec000000)
  from space 512K, 85% used [0x00000000ec000000,0x00000000ec06ce98,0x00000000ec080000)
  to   space 1536K, 0% used [0x00000000ec280000,0x00000000ec280000,0x00000000ec400000)
 ParOldGen       total 68608K, used 44056K [0x00000000c0000000, 0x00000000c4300000, 0x00000000eab00000)
  object space 68608K, 64% used [0x00000000c0000000,0x00000000c2b06288,0x00000000c4300000)
 Metaspace       used 63799K, committed 65216K, reserved 1114112K
  class space    used 7867K, committed 8512K, reserved 1048576K
}
Event: 9.259 GC heap after
{Heap after GC invocations=45 (full 3):
 PSYoungGen      total 22016K, used 416K [0x00000000eab00000, 0x00000000ec300000, 0x0000000100000000)
  eden space 21504K, 0% used [0x00000000eab00000,0x00000000eab00000,0x00000000ec000000)
  from space 512K, 81% used [0x00000000ec280000,0x00000000ec2e8000,0x00000000ec300000)
  to   space 1024K, 0% used [0x00000000ec100000,0x00000000ec100000,0x00000000ec200000)
 ParOldGen       total 68608K, used 44268K [0x00000000c0000000, 0x00000000c4300000, 0x00000000eab00000)
  object space 68608K, 64% used [0x00000000c0000000,0x00000000c2b3b120,0x00000000c4300000)
 Metaspace       used 63799K, committed 65216K, reserved 1114112K
  class space    used 7867K, committed 8512K, reserved 1048576K
}

