# JRE version: OpenJDK Runtime Environment Temurin-21.0.7+6 (21.0.7+6) (build 21.0.7+6-LTS)
# Java VM: OpenJDK 64-Bit Server VM Temurin-21.0.7+6 (21.0.7+6-LTS, mixed mode, sharing, tiered, compressed oops, compressed class ptrs, parallel gc, windows-amd64)
GC Precious Log:
 CardTable entry size: 512
 CPUs: 12 total, 12 available
 Memory: 16122M
 Large Page Support: Disabled
 NUMA Support: Disabled
 Compressed Oops: Enabled (32-bit)
 Alignments: Space 512K, Generation 512K, Heap 2M
 Heap Min Capacity: 100M
 Heap Initial Capacity: 100M
 Heap Max Capacity: 1G
 Pre-touch: Disabled
 Parallel Workers: 10
Heap:
 PSYoungGen      total 20480K, used 15924K [0x00000000eab00000, 0x00000000ec280000, 0x0000000100000000)
  eden space 19456K, 76% used [0x00000000eab00000,0x00000000eb990170,0x00000000ebe00000)
  from space 1024K, 98% used [0x00000000ec000000,0x00000000ec0fcf20,0x00000000ec100000)
  to   space 2048K, 0% used [0x00000000ebe00000,0x00000000ebe00000,0x00000000ec000000)
 ParOldGen       total 68608K, used 32262K [0x00000000c0000000, 0x00000000c4300000, 0x00000000eab00000)
  object space 68608K, 47% used [0x00000000c0000000,0x00000000c1f81b60,0x00000000c4300000)
 Metaspace       used 42353K, committed 43520K, reserved 1114112K
  class space    used 4182K, committed 4672K, reserved 1048576K
GC Heap History (20 events):
Event: 5.526 GC heap before
{Heap before GC invocations=17 (full 1):
 PSYoungGen      total 24064K, used 24000K [0x00000000eab00000, 0x00000000ec500000, 0x0000000100000000)
  eden space 21504K, 100% used [0x00000000eab00000,0x00000000ec000000,0x00000000ec000000)
  from space 2560K, 97% used [0x00000000ec100000,0x00000000ec370010,0x00000000ec380000)
  to   space 1536K, 0% used [0x00000000ec380000,0x00000000ec380000,0x00000000ec500000)
 ParOldGen       total 68608K, used 25056K [0x00000000c0000000, 0x00000000c4300000, 0x00000000eab00000)
  object space 68608K, 36% used [0x00000000c0000000,0x00000000c18782a8,0x00000000c4300000)
 Metaspace       used 32614K, committed 33664K, reserved 1114112K
  class space    used 3248K, committed 3712K, reserved 1048576K
}
Event: 5.531 GC heap after
{Heap after GC invocations=17 (full 1):
 PSYoungGen      total 21504K, used 1528K [0x00000000eab00000, 0x00000000eca00000, 0x0000000100000000)
  eden space 19968K, 0% used [0x00000000eab00000,0x00000000eab00000,0x00000000ebe80000)
  from space 1536K, 99% used [0x00000000ec380000,0x00000000ec4fe200,0x00000000ec500000)
  to   space 5120K, 0% used [0x00000000ebe80000,0x00000000ebe80000,0x00000000ec380000)
 ParOldGen       total 68608K, used 27964K [0x00000000c0000000, 0x00000000c4300000, 0x00000000eab00000)
  object space 68608K, 40% used [0x00000000c0000000,0x00000000c1b4f330,0x00000000c4300000)
 Metaspace       used 32614K, committed 33664K, reserved 1114112K
  class space    used 3248K, committed 3712K, reserved 1048576K
}
Event: 5.836 GC heap before
{Heap before GC invocations=18 (full 1):
 PSYoungGen      total 21504K, used 21496K [0x00000000eab00000, 0x00000000eca00000, 0x0000000100000000)
  eden space 19968K, 100% used [0x00000000eab00000,0x00000000ebe80000,0x00000000ebe80000)
  from space 1536K, 99% used [0x00000000ec380000,0x00000000ec4fe200,0x00000000ec500000)
  to   space 5120K, 0% used [0x00000000ebe80000,0x00000000ebe80000,0x00000000ec380000)
 ParOldGen       total 68608K, used 27964K [0x00000000c0000000, 0x00000000c4300000, 0x00000000eab00000)
  object space 68608K, 40% used [0x00000000c0000000,0x00000000c1b4f330,0x00000000c4300000)
 Metaspace       used 34338K, committed 35456K, reserved 1114112K
  class space    used 3449K, committed 3968K, reserved 1048576K
}
Event: 5.839 GC heap after
{Heap after GC invocations=18 (full 1):
 PSYoungGen      total 22016K, used 1592K [0x00000000eab00000, 0x00000000ec480000, 0x0000000100000000)
  eden space 19968K, 0% used [0x00000000eab00000,0x00000000eab00000,0x00000000ebe80000)
  from space 2048K, 77% used [0x00000000ebe80000,0x00000000ec00e158,0x00000000ec080000)
  to   space 3072K, 0% used [0x00000000ec180000,0x00000000ec180000,0x00000000ec480000)
 ParOldGen       total 68608K, used 29525K [0x00000000c0000000, 0x00000000c4300000, 0x00000000eab00000)
  object space 68608K, 43% used [0x00000000c0000000,0x00000000c1cd5530,0x00000000c4300000)
 Metaspace       used 34338K, committed 35456K, reserved 1114112K
  class space    used 3449K, committed 3968K, reserved 1048576K
}
Event: 5.879 GC heap before
{Heap before GC invocations=19 (full 1):
 PSYoungGen      total 22016K, used 3689K [0x00000000eab00000, 0x00000000ec480000, 0x0000000100000000)
  eden space 19968K, 10% used [0x00000000eab00000,0x00000000ead0c348,0x00000000ebe80000)
  from space 2048K, 77% used [0x00000000ebe80000,0x00000000ec00e158,0x00000000ec080000)
  to   space 3072K, 0% used [0x00000000ec180000,0x00000000ec180000,0x00000000ec480000)
 ParOldGen       total 68608K, used 29525K [0x00000000c0000000, 0x00000000c4300000, 0x00000000eab00000)
  object space 68608K, 43% used [0x00000000c0000000,0x00000000c1cd5530,0x00000000c4300000)
 Metaspace       used 34769K, committed 35840K, reserved 1114112K
  class space    used 3470K, committed 3968K, reserved 1048576K
}
Event: 5.882 GC heap after
{Heap after GC invocations=19 (full 1):
 PSYoungGen      total 20480K, used 279K [0x00000000eab00000, 0x00000000ec200000, 0x0000000100000000)
  eden space 19968K, 0% used [0x00000000eab00000,0x00000000eab00000,0x00000000ebe80000)
  from space 512K, 54% used [0x00000000ec180000,0x00000000ec1c5d98,0x00000000ec200000)
  to   space 1024K, 0% used [0x00000000ec000000,0x00000000ec000000,0x00000000ec100000)
 ParOldGen       total 68608K, used 30874K [0x00000000c0000000, 0x00000000c4300000, 0x00000000eab00000)
  object space 68608K, 45% used [0x00000000c0000000,0x00000000c1e26880,0x00000000c4300000)
 Metaspace       used 34769K, committed 35840K, reserved 1114112K
  class space    used 3470K, committed 3968K, reserved 1048576K
}
Event: 5.882 GC heap before
{Heap before GC invocations=20 (full 2):
 PSYoungGen      total 20480K, used 279K [0x00000000eab00000, 0x00000000ec200000, 0x0000000100000000)
  eden space 19968K, 0% used [0x00000000eab00000,0x00000000eab00000,0x00000000ebe80000)
  from space 512K, 54% used [0x00000000ec180000,0x00000000ec1c5d98,0x00000000ec200000)
  to   space 1024K, 0% used [0x00000000ec000000,0x00000000ec000000,0x00000000ec100000)
 ParOldGen       total 68608K, used 30874K [0x00000000c0000000, 0x00000000c4300000, 0x00000000eab00000)
  object space 68608K, 45% used [0x00000000c0000000,0x00000000c1e26880,0x00000000c4300000)
 Metaspace       used 34769K, committed 35840K, reserved 1114112K
  class space    used 3470K, committed 3968K, reserved 1048576K
}
Event: 5.937 GC heap after
{Heap after GC invocations=20 (full 2):
 PSYoungGen      total 20480K, used 0K [0x00000000eab00000, 0x00000000ec200000, 0x0000000100000000)
  eden space 19968K, 0% used [0x00000000eab00000,0x00000000eab00000,0x00000000ebe80000)
  from space 512K, 0% used [0x00000000ec180000,0x00000000ec180000,0x00000000ec200000)
  to   space 1024K, 0% used [0x00000000ec000000,0x00000000ec000000,0x00000000ec100000)
 ParOldGen       total 68608K, used 29014K [0x00000000c0000000, 0x00000000c4300000, 0x00000000eab00000)
  object space 68608K, 42% used [0x00000000c0000000,0x00000000c1c55af8,0x00000000c4300000)
 Metaspace       used 34554K, committed 35840K, reserved 1114112K
  class space    used 3409K, committed 3968K, reserved 1048576K
}
Event: 6.106 GC heap before
{Heap before GC invocations=21 (full 2):
 PSYoungGen      total 20480K, used 19968K [0x00000000eab00000, 0x00000000ec200000, 0x0000000100000000)
  eden space 19968K, 100% used [0x00000000eab00000,0x00000000ebe80000,0x00000000ebe80000)
  from space 512K, 0% used [0x00000000ec180000,0x00000000ec180000,0x00000000ec200000)
  to   space 1024K, 0% used [0x00000000ec000000,0x00000000ec000000,0x00000000ec100000)
 ParOldGen       total 68608K, used 29014K [0x00000000c0000000, 0x00000000c4300000, 0x00000000eab00000)
  object space 68608K, 42% used [0x00000000c0000000,0x00000000c1c55af8,0x00000000c4300000)
 Metaspace       used 34838K, committed 35968K, reserved 1114112K
  class space    used 3431K, committed 3968K, reserved 1048576K
}
Event: 6.107 GC heap after
{Heap after GC invocations=21 (full 2):
 PSYoungGen      total 20992K, used 1007K [0x00000000eab00000, 0x00000000ec280000, 0x0000000100000000)
  eden space 19968K, 0% used [0x00000000eab00000,0x00000000eab00000,0x00000000ebe80000)
  from space 1024K, 98% used [0x00000000ec000000,0x00000000ec0fbed0,0x00000000ec100000)
  to   space 1536K, 0% used [0x00000000ec100000,0x00000000ec100000,0x00000000ec280000)
 ParOldGen       total 68608K, used 29687K [0x00000000c0000000, 0x00000000c4300000, 0x00000000eab00000)
  object space 68608K, 43% used [0x00000000c0000000,0x00000000c1cfdfe0,0x00000000c4300000)
 Metaspace       used 34838K, committed 35968K, reserved 1114112K
  class space    used 3431K, committed 3968K, reserved 1048576K
}
Event: 6.245 GC heap before
{Heap before GC invocations=22 (full 2):
 PSYoungGen      total 20992K, used 20975K [0x00000000eab00000, 0x00000000ec280000, 0x0000000100000000)
  eden space 19968K, 100% used [0x00000000eab00000,0x00000000ebe80000,0x00000000ebe80000)
  from space 1024K, 98% used [0x00000000ec000000,0x00000000ec0fbed0,0x00000000ec100000)
  to   space 1536K, 0% used [0x00000000ec100000,0x00000000ec100000,0x00000000ec280000)
 ParOldGen       total 68608K, used 29687K [0x00000000c0000000, 0x00000000c4300000, 0x00000000eab00000)
  object space 68608K, 43% used [0x00000000c0000000,0x00000000c1cfdfe0,0x00000000c4300000)
 Metaspace       used 35547K, committed 36544K, reserved 1114112K
  class space    used 3505K, committed 3968K, reserved 1048576K
}
Event: 6.247 GC heap after
{Heap after GC invocations=22 (full 2):
 PSYoungGen      total 20480K, used 256K [0x00000000eab00000, 0x00000000ec180000, 0x0000000100000000)
  eden space 19968K, 0% used [0x00000000eab00000,0x00000000eab00000,0x00000000ebe80000)
  from space 512K, 50% used [0x00000000ec100000,0x00000000ec140000,0x00000000ec180000)
  to   space 1024K, 0% used [0x00000000ebf80000,0x00000000ebf80000,0x00000000ec080000)
 ParOldGen       total 68608K, used 30278K [0x00000000c0000000, 0x00000000c4300000, 0x00000000eab00000)
  object space 68608K, 44% used [0x00000000c0000000,0x00000000c1d91910,0x00000000c4300000)
 Metaspace       used 35547K, committed 36544K, reserved 1114112K
  class space    used 3505K, committed 3968K, reserved 1048576K
}
Event: 6.916 GC heap before
{Heap before GC invocations=23 (full 2):
 PSYoungGen      total 20480K, used 20224K [0x00000000eab00000, 0x00000000ec180000, 0x0000000100000000)
  eden space 19968K, 100% used [0x00000000eab00000,0x00000000ebe80000,0x00000000ebe80000)
  from space 512K, 50% used [0x00000000ec100000,0x00000000ec140000,0x00000000ec180000)
  to   space 1024K, 0% used [0x00000000ebf80000,0x00000000ebf80000,0x00000000ec080000)
 ParOldGen       total 68608K, used 30278K [0x00000000c0000000, 0x00000000c4300000, 0x00000000eab00000)
  object space 68608K, 44% used [0x00000000c0000000,0x00000000c1d91910,0x00000000c4300000)
 Metaspace       used 36822K, committed 37824K, reserved 1114112K
  class space    used 3653K, committed 4096K, reserved 1048576K
}
Event: 6.919 GC heap after
{Heap after GC invocations=23 (full 2):
 PSYoungGen      total 20992K, used 576K [0x00000000eab00000, 0x00000000ec180000, 0x0000000100000000)
  eden space 19968K, 0% used [0x00000000eab00000,0x00000000eab00000,0x00000000ebe80000)
  from space 1024K, 56% used [0x00000000ebf80000,0x00000000ec010000,0x00000000ec080000)
  to   space 1024K, 0% used [0x00000000ec080000,0x00000000ec080000,0x00000000ec180000)
 ParOldGen       total 68608K, used 30374K [0x00000000c0000000, 0x00000000c4300000, 0x00000000eab00000)
  object space 68608K, 44% used [0x00000000c0000000,0x00000000c1da9910,0x00000000c4300000)
 Metaspace       used 36822K, committed 37824K, reserved 1114112K
  class space    used 3653K, committed 4096K, reserved 1048576K
}
Event: 7.288 GC heap before
{Heap before GC invocations=24 (full 2):
 PSYoungGen      total 20992K, used 20544K [0x00000000eab00000, 0x00000000ec180000, 0x0000000100000000)
  eden space 19968K, 100% used [0x00000000eab00000,0x00000000ebe80000,0x00000000ebe80000)
  from space 1024K, 56% used [0x00000000ebf80000,0x00000000ec010000,0x00000000ec080000)
  to   space 1024K, 0% used [0x00000000ec080000,0x00000000ec080000,0x00000000ec180000)
 ParOldGen       total 68608K, used 30374K [0x00000000c0000000, 0x00000000c4300000, 0x00000000eab00000)
  object space 68608K, 44% used [0x00000000c0000000,0x00000000c1da9910,0x00000000c4300000)
 Metaspace       used 38104K, committed 39104K, reserved 1114112K
  class space    used 3775K, committed 4224K, reserved 1048576K
}
Event: 7.290 GC heap after
{Heap after GC invocations=24 (full 2):
 PSYoungGen      total 20992K, used 1024K [0x00000000eab00000, 0x00000000ec280000, 0x0000000100000000)
  eden space 19968K, 0% used [0x00000000eab00000,0x00000000eab00000,0x00000000ebe80000)
  from space 1024K, 100% used [0x00000000ec080000,0x00000000ec180000,0x00000000ec180000)
  to   space 2048K, 0% used [0x00000000ebe80000,0x00000000ebe80000,0x00000000ec080000)
 ParOldGen       total 68608K, used 30822K [0x00000000c0000000, 0x00000000c4300000, 0x00000000eab00000)
  object space 68608K, 44% used [0x00000000c0000000,0x00000000c1e19910,0x00000000c4300000)
 Metaspace       used 38104K, committed 39104K, reserved 1114112K
  class space    used 3775K, committed 4224K, reserved 1048576K
}
Event: 7.624 GC heap before
{Heap before GC invocations=25 (full 2):
 PSYoungGen      total 20992K, used 20984K [0x00000000eab00000, 0x00000000ec280000, 0x0000000100000000)
  eden space 19968K, 99% used [0x00000000eab00000,0x00000000ebe7e018,0x00000000ebe80000)
  from space 1024K, 100% used [0x00000000ec080000,0x00000000ec180000,0x00000000ec180000)
  to   space 2048K, 0% used [0x00000000ebe80000,0x00000000ebe80000,0x00000000ec080000)
 ParOldGen       total 68608K, used 30822K [0x00000000c0000000, 0x00000000c4300000, 0x00000000eab00000)
  object space 68608K, 44% used [0x00000000c0000000,0x00000000c1e19910,0x00000000c4300000)
 Metaspace       used 39324K, committed 40320K, reserved 1114112K
  class space    used 3894K, committed 4352K, reserved 1048576K
}
Event: 7.628 GC heap after
{Heap after GC invocations=25 (full 2):
 PSYoungGen      total 20480K, used 499K [0x00000000eab00000, 0x00000000ec100000, 0x0000000100000000)
  eden space 19968K, 0% used [0x00000000eab00000,0x00000000eab00000,0x00000000ebe80000)
  from space 512K, 97% used [0x00000000ebe80000,0x00000000ebefcf00,0x00000000ebf00000)
  to   space 1024K, 0% used [0x00000000ec000000,0x00000000ec000000,0x00000000ec100000)
 ParOldGen       total 68608K, used 31846K [0x00000000c0000000, 0x00000000c4300000, 0x00000000eab00000)
  object space 68608K, 46% used [0x00000000c0000000,0x00000000c1f199d0,0x00000000c4300000)
 Metaspace       used 39324K, committed 40320K, reserved 1114112K
  class space    used 3894K, committed 4352K, reserved 1048576K
}
Event: 8.910 GC heap before
{Heap before GC invocations=26 (full 2):
 PSYoungGen      total 20480K, used 20467K [0x00000000eab00000, 0x00000000ec100000, 0x0000000100000000)
  eden space 19968K, 100% used [0x00000000eab00000,0x00000000ebe80000,0x00000000ebe80000)
  from space 512K, 97% used [0x00000000ebe80000,0x00000000ebefcf00,0x00000000ebf00000)
  to   space 1024K, 0% used [0x00000000ec000000,0x00000000ec000000,0x00000000ec100000)
 ParOldGen       total 68608K, used 31846K [0x00000000c0000000, 0x00000000c4300000, 0x00000000eab00000)
  object space 68608K, 46% used [0x00000000c0000000,0x00000000c1f199d0,0x00000000c4300000)
 Metaspace       used 40795K, committed 41856K, reserved 1114112K
  class space    used 4039K, committed 4480K, reserved 1048576K
}
Event: 8.913 GC heap after
{Heap after GC invocations=26 (full 2):
 PSYoungGen      total 20480K, used 1011K [0x00000000eab00000, 0x00000000ec280000, 0x0000000100000000)
  eden space 19456K, 0% used [0x00000000eab00000,0x00000000eab00000,0x00000000ebe00000)
  from space 1024K, 98% used [0x00000000ec000000,0x00000000ec0fcf20,0x00000000ec100000)
  to   space 2048K, 0% used [0x00000000ebe00000,0x00000000ebe00000,0x00000000ec000000)
 ParOldGen       total 68608K, used 32262K [0x00000000c0000000, 0x00000000c4300000, 0x00000000eab00000)
  object space 68608K, 47% used [0x00000000c0000000,0x00000000c1f81b60,0x00000000c4300000)
 Metaspace       used 40795K, committed 41856K, reserved 1114112K
  class space    used 4039K, committed 4480K, reserved 1048576K
}

