# JRE version: OpenJDK Runtime Environment Temurin-21.0.7+6 (21.0.7+6) (build 21.0.7+6-LTS)
# Java VM: OpenJDK 64-Bit Server VM Temurin-21.0.7+6 (21.0.7+6-LTS, mixed mode, sharing, tiered, compressed oops, compressed class ptrs, parallel gc, windows-amd64)
GC Precious Log:
 CardTable entry size: 512
 CPUs: 12 total, 12 available
 Memory: 16122M
 Large Page Support: Disabled
 NUMA Support: Disabled
 Compressed Oops: Enabled (32-bit)
 Alignments: Space 512K, Generation 512K, Heap 2M
 Heap Min Capacity: 100M
 Heap Initial Capacity: 100M
 Heap Max Capacity: 1G
 Pre-touch: Disabled
 Parallel Workers: 10
Heap:
 PSYoungGen      total 21504K, used 21106K [0x00000000eab00000, 0x00000000ec180000, 0x0000000100000000)
  eden space 20480K, 98% used [0x00000000eab00000,0x00000000ebecac80,0x00000000ebf00000)
  from space 1024K, 81% used [0x00000000ec080000,0x00000000ec151bd0,0x00000000ec180000)
  to   space 1024K, 0% used [0x00000000ebf80000,0x00000000ebf80000,0x00000000ec080000)
 ParOldGen       total 68608K, used 29869K [0x00000000c0000000, 0x00000000c4300000, 0x00000000eab00000)
  object space 68608K, 43% used [0x00000000c0000000,0x00000000c1d2b650,0x00000000c4300000)
 Metaspace       used 41213K, committed 42368K, reserved 1114112K
  class space    used 4094K, committed 4608K, reserved 1048576K
GC Heap History (20 events):
Event: 3.781 GC heap before
{Heap before GC invocations=15 (full 1):
 PSYoungGen      total 23040K, used 22978K [0x00000000eab00000, 0x00000000ec600000, 0x0000000100000000)
  eden space 20480K, 100% used [0x00000000eab00000,0x00000000ebf00000,0x00000000ebf00000)
  from space 2560K, 97% used [0x00000000ebf00000,0x00000000ec170800,0x00000000ec180000)
  to   space 3584K, 0% used [0x00000000ec280000,0x00000000ec280000,0x00000000ec600000)
 ParOldGen       total 68608K, used 20416K [0x00000000c0000000, 0x00000000c4300000, 0x00000000eab00000)
  object space 68608K, 29% used [0x00000000c0000000,0x00000000c13f02e0,0x00000000c4300000)
 Metaspace       used 32376K, committed 33472K, reserved 1114112K
  class space    used 3213K, committed 3712K, reserved 1048576K
}
Event: 3.786 GC heap after
{Heap after GC invocations=15 (full 1):
 PSYoungGen      total 23040K, used 2340K [0x00000000eab00000, 0x00000000ec500000, 0x0000000100000000)
  eden space 20480K, 0% used [0x00000000eab00000,0x00000000eab00000,0x00000000ebf00000)
  from space 2560K, 91% used [0x00000000ec280000,0x00000000ec4c9000,0x00000000ec500000)
  to   space 2560K, 0% used [0x00000000ebf00000,0x00000000ebf00000,0x00000000ec180000)
 ParOldGen       total 68608K, used 22605K [0x00000000c0000000, 0x00000000c4300000, 0x00000000eab00000)
  object space 68608K, 32% used [0x00000000c0000000,0x00000000c1613690,0x00000000c4300000)
 Metaspace       used 32376K, committed 33472K, reserved 1114112K
  class space    used 3213K, committed 3712K, reserved 1048576K
}
Event: 3.850 GC heap before
{Heap before GC invocations=16 (full 1):
 PSYoungGen      total 23040K, used 22820K [0x00000000eab00000, 0x00000000ec500000, 0x0000000100000000)
  eden space 20480K, 100% used [0x00000000eab00000,0x00000000ebf00000,0x00000000ebf00000)
  from space 2560K, 91% used [0x00000000ec280000,0x00000000ec4c9000,0x00000000ec500000)
  to   space 2560K, 0% used [0x00000000ebf00000,0x00000000ebf00000,0x00000000ec180000)
 ParOldGen       total 68608K, used 22605K [0x00000000c0000000, 0x00000000c4300000, 0x00000000eab00000)
  object space 68608K, 32% used [0x00000000c0000000,0x00000000c1613690,0x00000000c4300000)
 Metaspace       used 32447K, committed 33472K, reserved 1114112K
  class space    used 3213K, committed 3712K, reserved 1048576K
}
Event: 3.854 GC heap after
{Heap after GC invocations=16 (full 1):
 PSYoungGen      total 23040K, used 2368K [0x00000000eab00000, 0x00000000ec400000, 0x0000000100000000)
  eden space 20480K, 0% used [0x00000000eab00000,0x00000000eab00000,0x00000000ebf00000)
  from space 2560K, 92% used [0x00000000ebf00000,0x00000000ec150010,0x00000000ec180000)
  to   space 2560K, 0% used [0x00000000ec180000,0x00000000ec180000,0x00000000ec400000)
 ParOldGen       total 68608K, used 24757K [0x00000000c0000000, 0x00000000c4300000, 0x00000000eab00000)
  object space 68608K, 36% used [0x00000000c0000000,0x00000000c182d790,0x00000000c4300000)
 Metaspace       used 32447K, committed 33472K, reserved 1114112K
  class space    used 3213K, committed 3712K, reserved 1048576K
}
Event: 3.928 GC heap before
{Heap before GC invocations=17 (full 1):
 PSYoungGen      total 23040K, used 22848K [0x00000000eab00000, 0x00000000ec400000, 0x0000000100000000)
  eden space 20480K, 100% used [0x00000000eab00000,0x00000000ebf00000,0x00000000ebf00000)
  from space 2560K, 92% used [0x00000000ebf00000,0x00000000ec150010,0x00000000ec180000)
  to   space 2560K, 0% used [0x00000000ec180000,0x00000000ec180000,0x00000000ec400000)
 ParOldGen       total 68608K, used 24757K [0x00000000c0000000, 0x00000000c4300000, 0x00000000eab00000)
  object space 68608K, 36% used [0x00000000c0000000,0x00000000c182d790,0x00000000c4300000)
 Metaspace       used 32599K, committed 33728K, reserved 1114112K
  class space    used 3217K, committed 3712K, reserved 1048576K
}
Event: 3.932 GC heap after
{Heap after GC invocations=17 (full 1):
 PSYoungGen      total 23040K, used 2136K [0x00000000eab00000, 0x00000000ec400000, 0x0000000100000000)
  eden space 20480K, 0% used [0x00000000eab00000,0x00000000eab00000,0x00000000ebf00000)
  from space 2560K, 83% used [0x00000000ec180000,0x00000000ec396200,0x00000000ec400000)
  to   space 2560K, 0% used [0x00000000ebf00000,0x00000000ebf00000,0x00000000ec180000)
 ParOldGen       total 68608K, used 27010K [0x00000000c0000000, 0x00000000c4300000, 0x00000000eab00000)
  object space 68608K, 39% used [0x00000000c0000000,0x00000000c1a60818,0x00000000c4300000)
 Metaspace       used 32599K, committed 33728K, reserved 1114112K
  class space    used 3217K, committed 3712K, reserved 1048576K
}
Event: 4.149 GC heap before
{Heap before GC invocations=18 (full 1):
 PSYoungGen      total 23040K, used 22616K [0x00000000eab00000, 0x00000000ec400000, 0x0000000100000000)
  eden space 20480K, 100% used [0x00000000eab00000,0x00000000ebf00000,0x00000000ebf00000)
  from space 2560K, 83% used [0x00000000ec180000,0x00000000ec396200,0x00000000ec400000)
  to   space 2560K, 0% used [0x00000000ebf00000,0x00000000ebf00000,0x00000000ec180000)
 ParOldGen       total 68608K, used 27010K [0x00000000c0000000, 0x00000000c4300000, 0x00000000eab00000)
  object space 68608K, 39% used [0x00000000c0000000,0x00000000c1a60818,0x00000000c4300000)
 Metaspace       used 33979K, committed 35072K, reserved 1114112K
  class space    used 3401K, committed 3904K, reserved 1048576K
}
Event: 4.153 GC heap after
{Heap after GC invocations=18 (full 1):
 PSYoungGen      total 22528K, used 1652K [0x00000000eab00000, 0x00000000ec300000, 0x0000000100000000)
  eden space 20480K, 0% used [0x00000000eab00000,0x00000000eab00000,0x00000000ebf00000)
  from space 2048K, 80% used [0x00000000ebf00000,0x00000000ec09d3c8,0x00000000ec100000)
  to   space 2048K, 0% used [0x00000000ec100000,0x00000000ec100000,0x00000000ec300000)
 ParOldGen       total 68608K, used 28978K [0x00000000c0000000, 0x00000000c4300000, 0x00000000eab00000)
  object space 68608K, 42% used [0x00000000c0000000,0x00000000c1c4ca18,0x00000000c4300000)
 Metaspace       used 33979K, committed 35072K, reserved 1114112K
  class space    used 3401K, committed 3904K, reserved 1048576K
}
Event: 4.248 GC heap before
{Heap before GC invocations=19 (full 1):
 PSYoungGen      total 22528K, used 7619K [0x00000000eab00000, 0x00000000ec300000, 0x0000000100000000)
  eden space 20480K, 29% used [0x00000000eab00000,0x00000000eb0d3c18,0x00000000ebf00000)
  from space 2048K, 80% used [0x00000000ebf00000,0x00000000ec09d3c8,0x00000000ec100000)
  to   space 2048K, 0% used [0x00000000ec100000,0x00000000ec100000,0x00000000ec300000)
 ParOldGen       total 68608K, used 28978K [0x00000000c0000000, 0x00000000c4300000, 0x00000000eab00000)
  object space 68608K, 42% used [0x00000000c0000000,0x00000000c1c4ca18,0x00000000c4300000)
 Metaspace       used 34762K, committed 35840K, reserved 1114112K
  class space    used 3472K, committed 3968K, reserved 1048576K
}
Event: 4.250 GC heap after
{Heap after GC invocations=19 (full 1):
 PSYoungGen      total 22016K, used 1197K [0x00000000eab00000, 0x00000000ec280000, 0x0000000100000000)
  eden space 20480K, 0% used [0x00000000eab00000,0x00000000eab00000,0x00000000ebf00000)
  from space 1536K, 77% used [0x00000000ec100000,0x00000000ec22b530,0x00000000ec280000)
  to   space 1536K, 0% used [0x00000000ebf80000,0x00000000ebf80000,0x00000000ec100000)
 ParOldGen       total 68608K, used 30402K [0x00000000c0000000, 0x00000000c4300000, 0x00000000eab00000)
  object space 68608K, 44% used [0x00000000c0000000,0x00000000c1db0820,0x00000000c4300000)
 Metaspace       used 34762K, committed 35840K, reserved 1114112K
  class space    used 3472K, committed 3968K, reserved 1048576K
}
Event: 4.250 GC heap before
{Heap before GC invocations=20 (full 2):
 PSYoungGen      total 22016K, used 1197K [0x00000000eab00000, 0x00000000ec280000, 0x0000000100000000)
  eden space 20480K, 0% used [0x00000000eab00000,0x00000000eab00000,0x00000000ebf00000)
  from space 1536K, 77% used [0x00000000ec100000,0x00000000ec22b530,0x00000000ec280000)
  to   space 1536K, 0% used [0x00000000ebf80000,0x00000000ebf80000,0x00000000ec100000)
 ParOldGen       total 68608K, used 30402K [0x00000000c0000000, 0x00000000c4300000, 0x00000000eab00000)
  object space 68608K, 44% used [0x00000000c0000000,0x00000000c1db0820,0x00000000c4300000)
 Metaspace       used 34762K, committed 35840K, reserved 1114112K
  class space    used 3472K, committed 3968K, reserved 1048576K
}
Event: 4.300 GC heap after
{Heap after GC invocations=20 (full 2):
 PSYoungGen      total 22016K, used 0K [0x00000000eab00000, 0x00000000ec280000, 0x0000000100000000)
  eden space 20480K, 0% used [0x00000000eab00000,0x00000000eab00000,0x00000000ebf00000)
  from space 1536K, 0% used [0x00000000ec100000,0x00000000ec100000,0x00000000ec280000)
  to   space 1536K, 0% used [0x00000000ebf80000,0x00000000ebf80000,0x00000000ec100000)
 ParOldGen       total 68608K, used 28540K [0x00000000c0000000, 0x00000000c4300000, 0x00000000eab00000)
  object space 68608K, 41% used [0x00000000c0000000,0x00000000c1bdf0c8,0x00000000c4300000)
 Metaspace       used 34601K, committed 35840K, reserved 1114112K
  class space    used 3427K, committed 3968K, reserved 1048576K
}
Event: 4.385 GC heap before
{Heap before GC invocations=21 (full 2):
 PSYoungGen      total 22016K, used 20397K [0x00000000eab00000, 0x00000000ec280000, 0x0000000100000000)
  eden space 20480K, 99% used [0x00000000eab00000,0x00000000ebeeb640,0x00000000ebf00000)
  from space 1536K, 0% used [0x00000000ec100000,0x00000000ec100000,0x00000000ec280000)
  to   space 1536K, 0% used [0x00000000ebf80000,0x00000000ebf80000,0x00000000ec100000)
 ParOldGen       total 68608K, used 28540K [0x00000000c0000000, 0x00000000c4300000, 0x00000000eab00000)
  object space 68608K, 41% used [0x00000000c0000000,0x00000000c1bdf0c8,0x00000000c4300000)
 Metaspace       used 35225K, committed 36288K, reserved 1114112K
  class space    used 3484K, committed 3968K, reserved 1048576K
}
Event: 4.387 GC heap after
{Heap after GC invocations=21 (full 2):
 PSYoungGen      total 22016K, used 1506K [0x00000000eab00000, 0x00000000ec300000, 0x0000000100000000)
  eden space 20480K, 0% used [0x00000000eab00000,0x00000000eab00000,0x00000000ebf00000)
  from space 1536K, 98% used [0x00000000ebf80000,0x00000000ec0f8a30,0x00000000ec100000)
  to   space 2048K, 0% used [0x00000000ec100000,0x00000000ec100000,0x00000000ec300000)
 ParOldGen       total 68608K, used 28722K [0x00000000c0000000, 0x00000000c4300000, 0x00000000eab00000)
  object space 68608K, 41% used [0x00000000c0000000,0x00000000c1c0ca68,0x00000000c4300000)
 Metaspace       used 35225K, committed 36288K, reserved 1114112K
  class space    used 3484K, committed 3968K, reserved 1048576K
}
Event: 4.469 GC heap before
{Heap before GC invocations=22 (full 2):
 PSYoungGen      total 22016K, used 21986K [0x00000000eab00000, 0x00000000ec300000, 0x0000000100000000)
  eden space 20480K, 100% used [0x00000000eab00000,0x00000000ebf00000,0x00000000ebf00000)
  from space 1536K, 98% used [0x00000000ebf80000,0x00000000ec0f8a30,0x00000000ec100000)
  to   space 2048K, 0% used [0x00000000ec100000,0x00000000ec100000,0x00000000ec300000)
 ParOldGen       total 68608K, used 28722K [0x00000000c0000000, 0x00000000c4300000, 0x00000000eab00000)
  object space 68608K, 41% used [0x00000000c0000000,0x00000000c1c0ca68,0x00000000c4300000)
 Metaspace       used 35736K, committed 36736K, reserved 1114112K
  class space    used 3519K, committed 3968K, reserved 1048576K
}
Event: 4.471 GC heap after
{Heap after GC invocations=22 (full 2):
 PSYoungGen      total 22016K, used 1145K [0x00000000eab00000, 0x00000000ec280000, 0x0000000100000000)
  eden space 20480K, 0% used [0x00000000eab00000,0x00000000eab00000,0x00000000ebf00000)
  from space 1536K, 74% used [0x00000000ec100000,0x00000000ec21e7b0,0x00000000ec280000)
  to   space 1536K, 0% used [0x00000000ebf80000,0x00000000ebf80000,0x00000000ec100000)
 ParOldGen       total 68608K, used 29218K [0x00000000c0000000, 0x00000000c4300000, 0x00000000eab00000)
  object space 68608K, 42% used [0x00000000c0000000,0x00000000c1c88878,0x00000000c4300000)
 Metaspace       used 35736K, committed 36736K, reserved 1114112K
  class space    used 3519K, committed 3968K, reserved 1048576K
}
Event: 4.897 GC heap before
{Heap before GC invocations=23 (full 2):
 PSYoungGen      total 22016K, used 21625K [0x00000000eab00000, 0x00000000ec280000, 0x0000000100000000)
  eden space 20480K, 100% used [0x00000000eab00000,0x00000000ebf00000,0x00000000ebf00000)
  from space 1536K, 74% used [0x00000000ec100000,0x00000000ec21e7b0,0x00000000ec280000)
  to   space 1536K, 0% used [0x00000000ebf80000,0x00000000ebf80000,0x00000000ec100000)
 ParOldGen       total 68608K, used 29218K [0x00000000c0000000, 0x00000000c4300000, 0x00000000eab00000)
  object space 68608K, 42% used [0x00000000c0000000,0x00000000c1c88878,0x00000000c4300000)
 Metaspace       used 37628K, committed 38592K, reserved 1114112K
  class space    used 3713K, committed 4160K, reserved 1048576K
}
Event: 4.898 GC heap after
{Heap after GC invocations=23 (full 2):
 PSYoungGen      total 21504K, used 650K [0x00000000eab00000, 0x00000000ec180000, 0x0000000100000000)
  eden space 20480K, 0% used [0x00000000eab00000,0x00000000eab00000,0x00000000ebf00000)
  from space 1024K, 63% used [0x00000000ebf80000,0x00000000ec022a38,0x00000000ec080000)
  to   space 1024K, 0% used [0x00000000ec080000,0x00000000ec080000,0x00000000ec180000)
 ParOldGen       total 68608K, used 29402K [0x00000000c0000000, 0x00000000c4300000, 0x00000000eab00000)
  object space 68608K, 42% used [0x00000000c0000000,0x00000000c1cb6898,0x00000000c4300000)
 Metaspace       used 37628K, committed 38592K, reserved 1114112K
  class space    used 3713K, committed 4160K, reserved 1048576K
}
Event: 5.331 GC heap before
{Heap before GC invocations=24 (full 2):
 PSYoungGen      total 21504K, used 21099K [0x00000000eab00000, 0x00000000ec180000, 0x0000000100000000)
  eden space 20480K, 99% used [0x00000000eab00000,0x00000000ebef8400,0x00000000ebf00000)
  from space 1024K, 63% used [0x00000000ebf80000,0x00000000ec022a38,0x00000000ec080000)
  to   space 1024K, 0% used [0x00000000ec080000,0x00000000ec080000,0x00000000ec180000)
 ParOldGen       total 68608K, used 29402K [0x00000000c0000000, 0x00000000c4300000, 0x00000000eab00000)
  object space 68608K, 42% used [0x00000000c0000000,0x00000000c1cb6898,0x00000000c4300000)
 Metaspace       used 39174K, committed 40192K, reserved 1114112K
  class space    used 3862K, committed 4288K, reserved 1048576K
}
Event: 5.332 GC heap after
{Heap after GC invocations=24 (full 2):
 PSYoungGen      total 21504K, used 838K [0x00000000eab00000, 0x00000000ec180000, 0x0000000100000000)
  eden space 20480K, 0% used [0x00000000eab00000,0x00000000eab00000,0x00000000ebf00000)
  from space 1024K, 81% used [0x00000000ec080000,0x00000000ec151bd0,0x00000000ec180000)
  to   space 1024K, 0% used [0x00000000ebf80000,0x00000000ebf80000,0x00000000ec080000)
 ParOldGen       total 68608K, used 29869K [0x00000000c0000000, 0x00000000c4300000, 0x00000000eab00000)
  object space 68608K, 43% used [0x00000000c0000000,0x00000000c1d2b650,0x00000000c4300000)
 Metaspace       used 39174K, committed 40192K, reserved 1114112K
  class space    used 3862K, committed 4288K, reserved 1048576K
}

