# JRE version: OpenJDK Runtime Environment Temurin-21.0.7+6 (21.0.7+6) (build 21.0.7+6-LTS)
# Java VM: OpenJDK 64-Bit Server VM Temurin-21.0.7+6 (21.0.7+6-LTS, mixed mode, sharing, tiered, compressed oops, compressed class ptrs, parallel gc, windows-amd64)
GC Precious Log:
 CardTable entry size: 512
 CPUs: 12 total, 12 available
 Memory: 16122M
 Large Page Support: Disabled
 NUMA Support: Disabled
 Compressed Oops: Enabled (32-bit)
 Alignments: Space 512K, Generation 512K, Heap 2M
 Heap Min Capacity: 100M
 Heap Initial Capacity: 100M
 Heap Max Capacity: 1G
 Pre-touch: Disabled
 Parallel Workers: 10
Heap:
 PSYoungGen      total 18432K, used 14287K [0x00000000eab00000, 0x00000000ec080000, 0x0000000100000000)
  eden space 17920K, 76% used [0x00000000eab00000,0x00000000eb873f68,0x00000000ebc80000)
  from space 512K, 100% used [0x00000000ebf00000,0x00000000ebf80000,0x00000000ebf80000)
  to   space 2048K, 0% used [0x00000000ebc80000,0x00000000ebc80000,0x00000000ebe80000)
 ParOldGen       total 108032K, used 107996K [0x00000000c0000000, 0x00000000c6980000, 0x00000000eab00000)
  object space 108032K, 99% used [0x00000000c0000000,0x00000000c69772c8,0x00000000c6980000)
 Metaspace       used 65221K, committed 66688K, reserved 1114112K
  class space    used 8042K, committed 8640K, reserved 1048576K
GC Heap History (20 events):
Event: 11.423 GC heap before
{Heap before GC invocations=44 (full 3):
 PSYoungGen      total 20992K, used 20768K [0x00000000eab00000, 0x00000000ec100000, 0x0000000100000000)
  eden space 19968K, 100% used [0x00000000eab00000,0x00000000ebe80000,0x00000000ebe80000)
  from space 1024K, 78% used [0x00000000ec000000,0x00000000ec0c8000,0x00000000ec100000)
  to   space 1024K, 0% used [0x00000000ebf00000,0x00000000ebf00000,0x00000000ec000000)
 ParOldGen       total 68608K, used 39780K [0x00000000c0000000, 0x00000000c4300000, 0x00000000eab00000)
  object space 68608K, 57% used [0x00000000c0000000,0x00000000c26d92f8,0x00000000c4300000)
 Metaspace       used 62826K, committed 64256K, reserved 1114112K
  class space    used 7752K, committed 8384K, reserved 1048576K
}
Event: 11.425 GC heap after
{Heap after GC invocations=44 (full 3):
 PSYoungGen      total 20992K, used 288K [0x00000000eab00000, 0x00000000ec080000, 0x0000000100000000)
  eden space 19968K, 0% used [0x00000000eab00000,0x00000000eab00000,0x00000000ebe80000)
  from space 1024K, 28% used [0x00000000ebf00000,0x00000000ebf48010,0x00000000ec000000)
  to   space 512K, 0% used [0x00000000ec000000,0x00000000ec000000,0x00000000ec080000)
 ParOldGen       total 68608K, used 40456K [0x00000000c0000000, 0x00000000c4300000, 0x00000000eab00000)
  object space 68608K, 58% used [0x00000000c0000000,0x00000000c2782328,0x00000000c4300000)
 Metaspace       used 62826K, committed 64256K, reserved 1114112K
  class space    used 7752K, committed 8384K, reserved 1048576K
}
Event: 11.748 GC heap before
{Heap before GC invocations=45 (full 3):
 PSYoungGen      total 20992K, used 20256K [0x00000000eab00000, 0x00000000ec080000, 0x0000000100000000)
  eden space 19968K, 100% used [0x00000000eab00000,0x00000000ebe80000,0x00000000ebe80000)
  from space 1024K, 28% used [0x00000000ebf00000,0x00000000ebf48010,0x00000000ec000000)
  to   space 512K, 0% used [0x00000000ec000000,0x00000000ec000000,0x00000000ec080000)
 ParOldGen       total 68608K, used 40456K [0x00000000c0000000, 0x00000000c4300000, 0x00000000eab00000)
  object space 68608K, 58% used [0x00000000c0000000,0x00000000c2782328,0x00000000c4300000)
 Metaspace       used 63087K, committed 64512K, reserved 1114112K
  class space    used 7793K, committed 8448K, reserved 1048576K
}
Event: 11.750 GC heap after
{Heap after GC invocations=45 (full 3):
 PSYoungGen      total 18432K, used 501K [0x00000000eab00000, 0x00000000ec580000, 0x0000000100000000)
  eden space 17920K, 0% used [0x00000000eab00000,0x00000000eab00000,0x00000000ebc80000)
  from space 512K, 97% used [0x00000000ec000000,0x00000000ec07d668,0x00000000ec080000)
  to   space 3584K, 0% used [0x00000000ebc80000,0x00000000ebc80000,0x00000000ec000000)
 ParOldGen       total 68608K, used 42879K [0x00000000c0000000, 0x00000000c4300000, 0x00000000eab00000)
  object space 68608K, 62% used [0x00000000c0000000,0x00000000c29dfff8,0x00000000c4300000)
 Metaspace       used 63087K, committed 64512K, reserved 1114112K
  class space    used 7793K, committed 8448K, reserved 1048576K
}
Event: 12.367 GC heap before
{Heap before GC invocations=46 (full 3):
 PSYoungGen      total 18432K, used 18421K [0x00000000eab00000, 0x00000000ec580000, 0x0000000100000000)
  eden space 17920K, 99% used [0x00000000eab00000,0x00000000ebc7ffb8,0x00000000ebc80000)
  from space 512K, 97% used [0x00000000ec000000,0x00000000ec07d668,0x00000000ec080000)
  to   space 3584K, 0% used [0x00000000ebc80000,0x00000000ebc80000,0x00000000ec000000)
 ParOldGen       total 68608K, used 42879K [0x00000000c0000000, 0x00000000c4300000, 0x00000000eab00000)
  object space 68608K, 62% used [0x00000000c0000000,0x00000000c29dfff8,0x00000000c4300000)
 Metaspace       used 63570K, committed 64896K, reserved 1114112K
  class space    used 7849K, committed 8448K, reserved 1048576K
}
Event: 12.369 GC heap after
{Heap after GC invocations=46 (full 3):
 PSYoungGen      total 18944K, used 739K [0x00000000eab00000, 0x00000000ec080000, 0x0000000100000000)
  eden space 17920K, 0% used [0x00000000eab00000,0x00000000eab00000,0x00000000ebc80000)
  from space 1024K, 72% used [0x00000000ebc80000,0x00000000ebd38ea8,0x00000000ebd80000)
  to   space 1536K, 0% used [0x00000000ebf00000,0x00000000ebf00000,0x00000000ec080000)
 ParOldGen       total 68608K, used 43358K [0x00000000c0000000, 0x00000000c4300000, 0x00000000eab00000)
  object space 68608K, 63% used [0x00000000c0000000,0x00000000c2a57b70,0x00000000c4300000)
 Metaspace       used 63570K, committed 64896K, reserved 1114112K
  class space    used 7849K, committed 8448K, reserved 1048576K
}
Event: 12.984 GC heap before
{Heap before GC invocations=47 (full 3):
 PSYoungGen      total 18944K, used 18659K [0x00000000eab00000, 0x00000000ec080000, 0x0000000100000000)
  eden space 17920K, 100% used [0x00000000eab00000,0x00000000ebc80000,0x00000000ebc80000)
  from space 1024K, 72% used [0x00000000ebc80000,0x00000000ebd38ea8,0x00000000ebd80000)
  to   space 1536K, 0% used [0x00000000ebf00000,0x00000000ebf00000,0x00000000ec080000)
 ParOldGen       total 68608K, used 43358K [0x00000000c0000000, 0x00000000c4300000, 0x00000000eab00000)
  object space 68608K, 63% used [0x00000000c0000000,0x00000000c2a57b70,0x00000000c4300000)
 Metaspace       used 63575K, committed 64896K, reserved 1114112K
  class space    used 7849K, committed 8448K, reserved 1048576K
}
Event: 12.986 GC heap after
{Heap after GC invocations=47 (full 3):
 PSYoungGen      total 18432K, used 160K [0x00000000eab00000, 0x00000000ebf80000, 0x0000000100000000)
  eden space 17920K, 0% used [0x00000000eab00000,0x00000000eab00000,0x00000000ebc80000)
  from space 512K, 31% used [0x00000000ebf00000,0x00000000ebf28000,0x00000000ebf80000)
  to   space 512K, 0% used [0x00000000ebe80000,0x00000000ebe80000,0x00000000ebf00000)
 ParOldGen       total 68608K, used 43990K [0x00000000c0000000, 0x00000000c4300000, 0x00000000eab00000)
  object space 68608K, 64% used [0x00000000c0000000,0x00000000c2af5a38,0x00000000c4300000)
 Metaspace       used 63575K, committed 64896K, reserved 1114112K
  class space    used 7849K, committed 8448K, reserved 1048576K
}
Event: 13.296 GC heap before
{Heap before GC invocations=48 (full 3):
 PSYoungGen      total 18432K, used 18080K [0x00000000eab00000, 0x00000000ebf80000, 0x0000000100000000)
  eden space 17920K, 100% used [0x00000000eab00000,0x00000000ebc80000,0x00000000ebc80000)
  from space 512K, 31% used [0x00000000ebf00000,0x00000000ebf28000,0x00000000ebf80000)
  to   space 512K, 0% used [0x00000000ebe80000,0x00000000ebe80000,0x00000000ebf00000)
 ParOldGen       total 68608K, used 43990K [0x00000000c0000000, 0x00000000c4300000, 0x00000000eab00000)
  object space 68608K, 64% used [0x00000000c0000000,0x00000000c2af5a38,0x00000000c4300000)
 Metaspace       used 64180K, committed 65600K, reserved 1114112K
  class space    used 7912K, committed 8512K, reserved 1048576K
}
Event: 13.297 GC heap after
{Heap after GC invocations=48 (full 3):
 PSYoungGen      total 18432K, used 512K [0x00000000eab00000, 0x00000000ebf80000, 0x0000000100000000)
  eden space 17920K, 0% used [0x00000000eab00000,0x00000000eab00000,0x00000000ebc80000)
  from space 512K, 100% used [0x00000000ebe80000,0x00000000ebf00000,0x00000000ebf00000)
  to   space 512K, 0% used [0x00000000ebf00000,0x00000000ebf00000,0x00000000ebf80000)
 ParOldGen       total 68608K, used 44046K [0x00000000c0000000, 0x00000000c4300000, 0x00000000eab00000)
  object space 68608K, 64% used [0x00000000c0000000,0x00000000c2b03a48,0x00000000c4300000)
 Metaspace       used 64180K, committed 65600K, reserved 1114112K
  class space    used 7912K, committed 8512K, reserved 1048576K
}
Event: 13.523 GC heap before
{Heap before GC invocations=49 (full 3):
 PSYoungGen      total 18432K, used 17505K [0x00000000eab00000, 0x00000000ebf80000, 0x0000000100000000)
  eden space 17920K, 94% used [0x00000000eab00000,0x00000000ebb98740,0x00000000ebc80000)
  from space 512K, 100% used [0x00000000ebe80000,0x00000000ebf00000,0x00000000ebf00000)
  to   space 512K, 0% used [0x00000000ebf00000,0x00000000ebf00000,0x00000000ebf80000)
 ParOldGen       total 68608K, used 44046K [0x00000000c0000000, 0x00000000c4300000, 0x00000000eab00000)
  object space 68608K, 64% used [0x00000000c0000000,0x00000000c2b03a48,0x00000000c4300000)
 Metaspace       used 65185K, committed 66688K, reserved 1114112K
  class space    used 8041K, committed 8640K, reserved 1048576K
}
Event: 13.526 GC heap after
{Heap after GC invocations=49 (full 3):
 PSYoungGen      total 18432K, used 448K [0x00000000eab00000, 0x00000000ebf80000, 0x0000000100000000)
  eden space 17920K, 0% used [0x00000000eab00000,0x00000000eab00000,0x00000000ebc80000)
  from space 512K, 87% used [0x00000000ebf00000,0x00000000ebf70000,0x00000000ebf80000)
  to   space 512K, 0% used [0x00000000ebe80000,0x00000000ebe80000,0x00000000ebf00000)
 ParOldGen       total 68608K, used 47037K [0x00000000c0000000, 0x00000000c4300000, 0x00000000eab00000)
  object space 68608K, 68% used [0x00000000c0000000,0x00000000c2def4e8,0x00000000c4300000)
 Metaspace       used 65185K, committed 66688K, reserved 1114112K
  class space    used 8041K, committed 8640K, reserved 1048576K
}
Event: 13.581 GC heap before
{Heap before GC invocations=50 (full 3):
 PSYoungGen      total 18432K, used 18368K [0x00000000eab00000, 0x00000000ebf80000, 0x0000000100000000)
  eden space 17920K, 100% used [0x00000000eab00000,0x00000000ebc80000,0x00000000ebc80000)
  from space 512K, 87% used [0x00000000ebf00000,0x00000000ebf70000,0x00000000ebf80000)
  to   space 512K, 0% used [0x00000000ebe80000,0x00000000ebe80000,0x00000000ebf00000)
 ParOldGen       total 68608K, used 47037K [0x00000000c0000000, 0x00000000c4300000, 0x00000000eab00000)
  object space 68608K, 68% used [0x00000000c0000000,0x00000000c2def508,0x00000000c4300000)
 Metaspace       used 65200K, committed 66688K, reserved 1114112K
  class space    used 8041K, committed 8640K, reserved 1048576K
}
Event: 13.587 GC heap after
{Heap after GC invocations=50 (full 3):
 PSYoungGen      total 18432K, used 256K [0x00000000eab00000, 0x00000000ebf80000, 0x0000000100000000)
  eden space 17920K, 0% used [0x00000000eab00000,0x00000000eab00000,0x00000000ebc80000)
  from space 512K, 50% used [0x00000000ebe80000,0x00000000ebec0000,0x00000000ebf00000)
  to   space 512K, 0% used [0x00000000ebf00000,0x00000000ebf00000,0x00000000ebf80000)
 ParOldGen       total 68608K, used 57651K [0x00000000c0000000, 0x00000000c4300000, 0x00000000eab00000)
  object space 68608K, 84% used [0x00000000c0000000,0x00000000c384cf48,0x00000000c4300000)
 Metaspace       used 65200K, committed 66688K, reserved 1114112K
  class space    used 8041K, committed 8640K, reserved 1048576K
}
Event: 13.667 GC heap before
{Heap before GC invocations=51 (full 3):
 PSYoungGen      total 18432K, used 18176K [0x00000000eab00000, 0x00000000ebf80000, 0x0000000100000000)
  eden space 17920K, 100% used [0x00000000eab00000,0x00000000ebc80000,0x00000000ebc80000)
  from space 512K, 50% used [0x00000000ebe80000,0x00000000ebec0000,0x00000000ebf00000)
  to   space 512K, 0% used [0x00000000ebf00000,0x00000000ebf00000,0x00000000ebf80000)
 ParOldGen       total 79872K, used 79672K [0x00000000c0000000, 0x00000000c4e00000, 0x00000000eab00000)
  object space 79872K, 99% used [0x00000000c0000000,0x00000000c4dce298,0x00000000c4e00000)
 Metaspace       used 65220K, committed 66688K, reserved 1114112K
  class space    used 8042K, committed 8640K, reserved 1048576K
}
Event: 13.670 GC heap after
{Heap after GC invocations=51 (full 3):
 PSYoungGen      total 18432K, used 512K [0x00000000eab00000, 0x00000000ec080000, 0x0000000100000000)
  eden space 17920K, 0% used [0x00000000eab00000,0x00000000eab00000,0x00000000ebc80000)
  from space 512K, 100% used [0x00000000ebf00000,0x00000000ebf80000,0x00000000ebf80000)
  to   space 2048K, 0% used [0x00000000ebc80000,0x00000000ebc80000,0x00000000ebe80000)
 ParOldGen       total 80896K, used 80808K [0x00000000c0000000, 0x00000000c4f00000, 0x00000000eab00000)
  object space 80896K, 99% used [0x00000000c0000000,0x00000000c4eea298,0x00000000c4f00000)
 Metaspace       used 65220K, committed 66688K, reserved 1114112K
  class space    used 8042K, committed 8640K, reserved 1048576K
}
Event: 13.777 GC heap before
{Heap before GC invocations=52 (full 3):
 PSYoungGen      total 18432K, used 18432K [0x00000000eab00000, 0x00000000ec080000, 0x0000000100000000)
  eden space 17920K, 100% used [0x00000000eab00000,0x00000000ebc80000,0x00000000ebc80000)
  from space 512K, 100% used [0x00000000ebf00000,0x00000000ebf80000,0x00000000ebf80000)
  to   space 2048K, 0% used [0x00000000ebc80000,0x00000000ebc80000,0x00000000ebe80000)
 ParOldGen       total 80896K, used 80808K [0x00000000c0000000, 0x00000000c4f00000, 0x00000000eab00000)
  object space 80896K, 99% used [0x00000000c0000000,0x00000000c4eea298,0x00000000c4f00000)
 Metaspace       used 65220K, committed 66688K, reserved 1114112K
  class space    used 8042K, committed 8640K, reserved 1048576K
}
Event: 13.788 GC heap after
{Heap after GC invocations=52 (full 3):
 PSYoungGen      total 19968K, used 2048K [0x00000000eab00000, 0x00000000ec080000, 0x0000000100000000)
  eden space 17920K, 0% used [0x00000000eab00000,0x00000000eab00000,0x00000000ebc80000)
  from space 2048K, 100% used [0x00000000ebc80000,0x00000000ebe80000,0x00000000ebe80000)
  to   space 512K, 0% used [0x00000000ebf00000,0x00000000ebf00000,0x00000000ebf80000)
 ParOldGen       total 93184K, used 92772K [0x00000000c0000000, 0x00000000c5b00000, 0x00000000eab00000)
  object space 93184K, 99% used [0x00000000c0000000,0x00000000c5a992a8,0x00000000c5b00000)
 Metaspace       used 65220K, committed 66688K, reserved 1114112K
  class space    used 8042K, committed 8640K, reserved 1048576K
}
Event: 13.881 GC heap before
{Heap before GC invocations=53 (full 3):
 PSYoungGen      total 19968K, used 19968K [0x00000000eab00000, 0x00000000ec080000, 0x0000000100000000)
  eden space 17920K, 100% used [0x00000000eab00000,0x00000000ebc80000,0x00000000ebc80000)
  from space 2048K, 100% used [0x00000000ebc80000,0x00000000ebe80000,0x00000000ebe80000)
  to   space 512K, 0% used [0x00000000ebf00000,0x00000000ebf00000,0x00000000ebf80000)
 ParOldGen       total 93184K, used 92772K [0x00000000c0000000, 0x00000000c5b00000, 0x00000000eab00000)
  object space 93184K, 99% used [0x00000000c0000000,0x00000000c5a992a8,0x00000000c5b00000)
 Metaspace       used 65221K, committed 66688K, reserved 1114112K
  class space    used 8042K, committed 8640K, reserved 1048576K
}
Event: 13.892 GC heap after
{Heap after GC invocations=53 (full 3):
 PSYoungGen      total 18432K, used 512K [0x00000000eab00000, 0x00000000ec080000, 0x0000000100000000)
  eden space 17920K, 0% used [0x00000000eab00000,0x00000000eab00000,0x00000000ebc80000)
  from space 512K, 100% used [0x00000000ebf00000,0x00000000ebf80000,0x00000000ebf80000)
  to   space 2048K, 0% used [0x00000000ebc80000,0x00000000ebc80000,0x00000000ebe80000)
 ParOldGen       total 108032K, used 107996K [0x00000000c0000000, 0x00000000c6980000, 0x00000000eab00000)
  object space 108032K, 99% used [0x00000000c0000000,0x00000000c69772c8,0x00000000c6980000)
 Metaspace       used 65221K, committed 66688K, reserved 1114112K
  class space    used 8042K, committed 8640K, reserved 1048576K
}

