# JRE version: OpenJDK Runtime Environment (21.0.3) (build 21.0.3+-12282718-b509.11)
# Java VM: OpenJDK 64-Bit Server VM (21.0.3+-12282718-b509.11, mixed mode, tiered, compressed oops, compressed class ptrs, g1 gc, windows-amd64)
GC Precious Log:
 CardTable entry size: 512
 Card Set container configuration: InlinePtr #cards 5 size 8 Array Of Cards #cards 12 size 40 Howl #buckets 4 coarsen threshold 1843 Howl Bitmap #cards 512 size 80 coarsen threshold 460 Card regions per heap region 1 cards per card region 2048
 CPUs: 12 total, 12 available
 Memory: 16122M
 Large Page Support: Disabled
 NUMA Support: Disabled
 Compressed Oops: Enabled (32-bit)
 Heap Region Size: 1M
 Heap Min Capacity: 8M
 Heap Initial Capacity: 252M
 Heap Max Capacity: 2G
 Pre-touch: Disabled
 Parallel Workers: 10
 Concurrent Workers: 3
 Concurrent Refinement Workers: 10
 Periodic GC: Disabled
Heap:
 garbage-first heap   total 301056K, used 178958K [0x0000000080000000, 0x0000000100000000)
  region size 1024K, 48 young (49152K), 5 survivors (5120K)
 Metaspace       used 118288K, committed 120448K, reserved 1179648K
  class space    used 15963K, committed 17024K, reserved 1048576K
GC Heap History (20 events):
Event: 8.126 GC heap before
{Heap before GC invocations=27 (full 0):
 garbage-first heap   total 182272K, used 160883K [0x0000000080000000, 0x0000000100000000)
  region size 1024K, 79 young (80896K), 9 survivors (9216K)
 Metaspace       used 102367K, committed 104512K, reserved 1179648K
  class space    used 14103K, committed 15168K, reserved 1048576K
}
Event: 8.134 GC heap after
{Heap after GC invocations=28 (full 0):
 garbage-first heap   total 182272K, used 98304K [0x0000000080000000, 0x0000000100000000)
  region size 1024K, 10 young (10240K), 10 survivors (10240K)
 Metaspace       used 102367K, committed 104512K, reserved 1179648K
  class space    used 14103K, committed 15168K, reserved 1048576K
}
Event: 8.215 GC heap before
{Heap before GC invocations=28 (full 0):
 garbage-first heap   total 182272K, used 160768K [0x0000000080000000, 0x0000000100000000)
  region size 1024K, 72 young (73728K), 10 survivors (10240K)
 Metaspace       used 102370K, committed 104512K, reserved 1179648K
  class space    used 14104K, committed 15168K, reserved 1048576K
}
Event: 8.220 GC heap after
{Heap after GC invocations=29 (full 0):
 garbage-first heap   total 182272K, used 101022K [0x0000000080000000, 0x0000000100000000)
  region size 1024K, 5 young (5120K), 5 survivors (5120K)
 Metaspace       used 102370K, committed 104512K, reserved 1179648K
  class space    used 14104K, committed 15168K, reserved 1048576K
}
Event: 8.351 GC heap before
{Heap before GC invocations=30 (full 0):
 garbage-first heap   total 214016K, used 163486K [0x0000000080000000, 0x0000000100000000)
  region size 1024K, 67 young (68608K), 5 survivors (5120K)
 Metaspace       used 102424K, committed 104576K, reserved 1179648K
  class space    used 14104K, committed 15168K, reserved 1048576K
}
Event: 8.353 GC heap after
{Heap after GC invocations=31 (full 0):
 garbage-first heap   total 214016K, used 101833K [0x0000000080000000, 0x0000000100000000)
  region size 1024K, 5 young (5120K), 5 survivors (5120K)
 Metaspace       used 102424K, committed 104576K, reserved 1179648K
  class space    used 14104K, committed 15168K, reserved 1048576K
}
Event: 8.951 GC heap before
{Heap before GC invocations=31 (full 0):
 garbage-first heap   total 214016K, used 196041K [0x0000000080000000, 0x0000000100000000)
  region size 1024K, 89 young (91136K), 5 survivors (5120K)
 Metaspace       used 107407K, committed 109568K, reserved 1179648K
  class space    used 14677K, committed 15744K, reserved 1048576K
}
Event: 8.961 GC heap after
{Heap after GC invocations=32 (full 0):
 garbage-first heap   total 227328K, used 123171K [0x0000000080000000, 0x0000000100000000)
  region size 1024K, 12 young (12288K), 12 survivors (12288K)
 Metaspace       used 107407K, committed 109568K, reserved 1179648K
  class space    used 14677K, committed 15744K, reserved 1048576K
}
Event: 9.137 GC heap before
{Heap before GC invocations=32 (full 0):
 garbage-first heap   total 227328K, used 144675K [0x0000000080000000, 0x0000000100000000)
  region size 1024K, 34 young (34816K), 12 survivors (12288K)
 Metaspace       used 108588K, committed 110720K, reserved 1179648K
  class space    used 14809K, committed 15872K, reserved 1048576K
}
Event: 9.145 GC heap after
{Heap after GC invocations=33 (full 0):
 garbage-first heap   total 227328K, used 135140K [0x0000000080000000, 0x0000000100000000)
  region size 1024K, 10 young (10240K), 10 survivors (10240K)
 Metaspace       used 108588K, committed 110720K, reserved 1179648K
  class space    used 14809K, committed 15872K, reserved 1048576K
}
Event: 9.527 GC heap before
{Heap before GC invocations=34 (full 0):
 garbage-first heap   total 240640K, used 220132K [0x0000000080000000, 0x0000000100000000)
  region size 1024K, 64 young (65536K), 10 survivors (10240K)
 Metaspace       used 111292K, committed 113472K, reserved 1179648K
  class space    used 15104K, committed 16192K, reserved 1048576K
}
Event: 9.533 GC heap after
{Heap after GC invocations=35 (full 0):
 garbage-first heap   total 240640K, used 140660K [0x0000000080000000, 0x0000000100000000)
  region size 1024K, 6 young (6144K), 6 survivors (6144K)
 Metaspace       used 111292K, committed 113472K, reserved 1179648K
  class space    used 15104K, committed 16192K, reserved 1048576K
}
Event: 10.510 GC heap before
{Heap before GC invocations=35 (full 0):
 garbage-first heap   total 240640K, used 204148K [0x0000000080000000, 0x0000000100000000)
  region size 1024K, 69 young (70656K), 6 survivors (6144K)
 Metaspace       used 112657K, committed 114816K, reserved 1179648K
  class space    used 15242K, committed 16320K, reserved 1048576K
}
Event: 10.515 GC heap after
{Heap after GC invocations=36 (full 0):
 garbage-first heap   total 240640K, used 140890K [0x0000000080000000, 0x0000000100000000)
  region size 1024K, 6 young (6144K), 6 survivors (6144K)
 Metaspace       used 112657K, committed 114816K, reserved 1179648K
  class space    used 15242K, committed 16320K, reserved 1048576K
}
Event: 10.973 GC heap before
{Heap before GC invocations=36 (full 0):
 garbage-first heap   total 240640K, used 209498K [0x0000000080000000, 0x0000000100000000)
  region size 1024K, 74 young (75776K), 6 survivors (6144K)
 Metaspace       used 115126K, committed 117312K, reserved 1179648K
  class space    used 15564K, committed 16640K, reserved 1048576K
}
Event: 10.978 GC heap after
{Heap after GC invocations=37 (full 0):
 garbage-first heap   total 240640K, used 146789K [0x0000000080000000, 0x0000000100000000)
  region size 1024K, 10 young (10240K), 10 survivors (10240K)
 Metaspace       used 115126K, committed 117312K, reserved 1179648K
  class space    used 15564K, committed 16640K, reserved 1048576K
}
Event: 11.288 GC heap before
{Heap before GC invocations=38 (full 0):
 garbage-first heap   total 250880K, used 208229K [0x0000000080000000, 0x0000000100000000)
  region size 1024K, 73 young (74752K), 10 survivors (10240K)
 Metaspace       used 118158K, committed 120384K, reserved 1179648K
  class space    used 15953K, committed 17024K, reserved 1048576K
}
Event: 11.296 GC heap after
{Heap after GC invocations=39 (full 0):
 garbage-first heap   total 250880K, used 148947K [0x0000000080000000, 0x0000000100000000)
  region size 1024K, 7 young (7168K), 7 survivors (7168K)
 Metaspace       used 118158K, committed 120384K, reserved 1179648K
  class space    used 15953K, committed 17024K, reserved 1048576K
}
Event: 11.491 GC heap before
{Heap before GC invocations=39 (full 0):
 garbage-first heap   total 250880K, used 221651K [0x0000000080000000, 0x0000000100000000)
  region size 1024K, 79 young (80896K), 7 survivors (7168K)
 Metaspace       used 118205K, committed 120384K, reserved 1179648K
  class space    used 15956K, committed 17024K, reserved 1048576K
}
Event: 11.498 GC heap after
{Heap after GC invocations=40 (full 0):
 garbage-first heap   total 301056K, used 136974K [0x0000000080000000, 0x0000000100000000)
  region size 1024K, 5 young (5120K), 5 survivors (5120K)
 Metaspace       used 118205K, committed 120384K, reserved 1179648K
  class space    used 15956K, committed 17024K, reserved 1048576K
}

