# JRE version: Java(TM) SE Runtime Environment 18.9 (11.0.25+9) (build 11.0.25+9-LTS-256)
# Java VM: Java HotSpot(TM) 64-Bit Server VM 18.9 (11.0.25+9-LTS-256, mixed mode, tiered, compressed oops, g1 gc, windows-amd64)
Heap:
 garbage-first heap   total 258048K, used 63668K [0x0000000080000000, 0x0000000100000000)
  region size 1024K, 44 young (45056K), 8 survivors (8192K)
 Metaspace       used 37379K, capacity 38480K, committed 38732K, reserved 1083392K
  class space    used 4983K, capacity 5377K, committed 5452K, reserved 1048576K
GC Heap History (10 events):
Event: 3.003 GC heap before
{Heap before GC invocations=1 (full 0):
 garbage-first heap   total 258048K, used 164218K [0x0000000080000000, 0x0000000100000000)
  region size 1024K, 151 young (154624K), 3 survivors (3072K)
 Metaspace       used 20480K, capacity 20913K, committed 20992K, reserved 1067008K
  class space    used 2375K, capacity 2497K, committed 2560K, reserved 1048576K
}
Event: 3.010 GC heap after
{Heap after GC invocations=2 (full 0):
 garbage-first heap   total 258048K, used 20486K [0x0000000080000000, 0x0000000100000000)
  region size 1024K, 12 young (12288K), 12 survivors (12288K)
 Metaspace       used 20480K, capacity 20913K, committed 20992K, reserved 1067008K
  class space    used 2375K, capacity 2497K, committed 2560K, reserved 1048576K
}
Event: 3.066 GC heap before
{Heap before GC invocations=2 (full 0):
 garbage-first heap   total 258048K, used 23558K [0x0000000080000000, 0x0000000100000000)
  region size 1024K, 16 young (16384K), 12 survivors (12288K)
 Metaspace       used 20926K, capacity 21265K, committed 21296K, reserved 1069056K
  class space    used 2433K, capacity 2552K, committed 2560K, reserved 1048576K
}
Event: 3.071 GC heap after
{Heap after GC invocations=3 (full 0):
 garbage-first heap   total 258048K, used 20847K [0x0000000080000000, 0x0000000100000000)
  region size 1024K, 9 young (9216K), 9 survivors (9216K)
 Metaspace       used 20926K, capacity 21265K, committed 21296K, reserved 1069056K
  class space    used 2433K, capacity 2552K, committed 2560K, reserved 1048576K
}
Event: 3.598 GC heap before
{Heap before GC invocations=4 (full 0):
 garbage-first heap   total 258048K, used 93551K [0x0000000080000000, 0x0000000100000000)
  region size 1024K, 81 young (82944K), 9 survivors (9216K)
 Metaspace       used 25537K, capacity 26129K, committed 26316K, reserved 1073152K
  class space    used 3196K, capacity 3415K, committed 3532K, reserved 1048576K
}
Event: 3.602 GC heap after
{Heap after GC invocations=5 (full 0):
 garbage-first heap   total 258048K, used 22492K [0x0000000080000000, 0x0000000100000000)
  region size 1024K, 3 young (3072K), 3 survivors (3072K)
 Metaspace       used 25537K, capacity 26129K, committed 26316K, reserved 1073152K
  class space    used 3196K, capacity 3415K, committed 3532K, reserved 1048576K
}
Event: 4.813 GC heap before
{Heap before GC invocations=5 (full 0):
 garbage-first heap   total 258048K, used 137180K [0x0000000080000000, 0x0000000100000000)
  region size 1024K, 116 young (118784K), 3 survivors (3072K)
 Metaspace       used 33572K, capacity 34511K, committed 34764K, reserved 1079296K
  class space    used 4409K, capacity 4794K, committed 4812K, reserved 1048576K
}
Event: 4.817 GC heap after
{Heap after GC invocations=6 (full 0):
 garbage-first heap   total 258048K, used 27219K [0x0000000080000000, 0x0000000100000000)
  region size 1024K, 7 young (7168K), 7 survivors (7168K)
 Metaspace       used 33572K, capacity 34511K, committed 34764K, reserved 1079296K
  class space    used 4409K, capacity 4794K, committed 4812K, reserved 1048576K
}
Event: 5.052 GC heap before
{Heap before GC invocations=6 (full 0):
 garbage-first heap   total 258048K, used 54867K [0x0000000080000000, 0x0000000100000000)
  region size 1024K, 35 young (35840K), 7 survivors (7168K)
 Metaspace       used 34951K, capacity 35942K, committed 36044K, reserved 1081344K
  class space    used 4605K, capacity 4998K, committed 5068K, reserved 1048576K
}
Event: 5.057 GC heap after
{Heap after GC invocations=7 (full 0):
 garbage-first heap   total 258048K, used 27828K [0x0000000080000000, 0x0000000100000000)
  region size 1024K, 8 young (8192K), 8 survivors (8192K)
 Metaspace       used 34951K, capacity 35942K, committed 36044K, reserved 1081344K
  class space    used 4605K, capacity 4998K, committed 5068K, reserved 1048576K
}

