# JRE version: OpenJDK Runtime Environment Temurin-21.0.7+6 (21.0.7+6) (build 21.0.7+6-LTS)
# Java VM: OpenJDK 64-Bit Server VM Temurin-21.0.7+6 (21.0.7+6-LTS, mixed mode, sharing, tiered, compressed oops, compressed class ptrs, parallel gc, windows-amd64)
GC Precious Log:
 CardTable entry size: 512
 CPUs: 12 total, 12 available
 Memory: 16122M
 Large Page Support: Disabled
 NUMA Support: Disabled
 Compressed Oops: Enabled (32-bit)
 Alignments: Space 512K, Generation 512K, Heap 2M
 Heap Min Capacity: 100M
 Heap Initial Capacity: 100M
 Heap Max Capacity: 1G
 Pre-touch: Disabled
 Parallel Workers: 10
Heap:
 PSYoungGen      total 18432K, used 1136K [0x00000000eab00000, 0x00000000ec000000, 0x0000000100000000)
  eden space 17408K, 4% used [0x00000000eab00000,0x00000000eabcc048,0x00000000ebc00000)
  from space 1024K, 31% used [0x00000000ebe00000,0x00000000ebe50000,0x00000000ebf00000)
  to   space 512K, 0% used [0x00000000ebf80000,0x00000000ebf80000,0x00000000ec000000)
 ParOldGen       total 68608K, used 45476K [0x00000000c0000000, 0x00000000c4300000, 0x00000000eab00000)
  object space 68608K, 66% used [0x00000000c0000000,0x00000000c2c69140,0x00000000c4300000)
 Metaspace       used 64170K, committed 65600K, reserved 1114112K
  class space    used 7903K, committed 8576K, reserved 1048576K
GC Heap History (20 events):
Event: 7.793 GC heap before
{Heap before GC invocations=42 (full 3):
 PSYoungGen      total 17920K, used 17749K [0x00000000eab00000, 0x00000000ebe00000, 0x0000000100000000)
  eden space 17408K, 100% used [0x00000000eab00000,0x00000000ebc00000,0x00000000ebc00000)
  from space 512K, 66% used [0x00000000ebd80000,0x00000000ebdd56b8,0x00000000ebe00000)
  to   space 512K, 0% used [0x00000000ebd00000,0x00000000ebd00000,0x00000000ebd80000)
 ParOldGen       total 68608K, used 39765K [0x00000000c0000000, 0x00000000c4300000, 0x00000000eab00000)
  object space 68608K, 57% used [0x00000000c0000000,0x00000000c26d56d8,0x00000000c4300000)
 Metaspace       used 60994K, committed 62400K, reserved 1114112K
  class space    used 7512K, committed 8128K, reserved 1048576K
}
Event: 7.794 GC heap after
{Heap after GC invocations=42 (full 3):
 PSYoungGen      total 17920K, used 511K [0x00000000eab00000, 0x00000000ebf00000, 0x0000000100000000)
  eden space 17408K, 0% used [0x00000000eab00000,0x00000000eab00000,0x00000000ebc00000)
  from space 512K, 99% used [0x00000000ebd00000,0x00000000ebd7ffa8,0x00000000ebd80000)
  to   space 1536K, 0% used [0x00000000ebd80000,0x00000000ebd80000,0x00000000ebf00000)
 ParOldGen       total 68608K, used 40506K [0x00000000c0000000, 0x00000000c4300000, 0x00000000eab00000)
  object space 68608K, 59% used [0x00000000c0000000,0x00000000c278ea18,0x00000000c4300000)
 Metaspace       used 60994K, committed 62400K, reserved 1114112K
  class space    used 7512K, committed 8128K, reserved 1048576K
}
Event: 7.848 GC heap before
{Heap before GC invocations=43 (full 3):
 PSYoungGen      total 17920K, used 17919K [0x00000000eab00000, 0x00000000ebf00000, 0x0000000100000000)
  eden space 17408K, 100% used [0x00000000eab00000,0x00000000ebc00000,0x00000000ebc00000)
  from space 512K, 99% used [0x00000000ebd00000,0x00000000ebd7ffa8,0x00000000ebd80000)
  to   space 1536K, 0% used [0x00000000ebd80000,0x00000000ebd80000,0x00000000ebf00000)
 ParOldGen       total 68608K, used 40506K [0x00000000c0000000, 0x00000000c4300000, 0x00000000eab00000)
  object space 68608K, 59% used [0x00000000c0000000,0x00000000c278ea18,0x00000000c4300000)
 Metaspace       used 60994K, committed 62400K, reserved 1114112K
  class space    used 7512K, committed 8128K, reserved 1048576K
}
Event: 7.849 GC heap after
{Heap after GC invocations=43 (full 3):
 PSYoungGen      total 18944K, used 1139K [0x00000000eab00000, 0x00000000ebf00000, 0x0000000100000000)
  eden space 17408K, 0% used [0x00000000eab00000,0x00000000eab00000,0x00000000ebc00000)
  from space 1536K, 74% used [0x00000000ebd80000,0x00000000ebe9cfa0,0x00000000ebf00000)
  to   space 1536K, 0% used [0x00000000ebc00000,0x00000000ebc00000,0x00000000ebd80000)
 ParOldGen       total 68608K, used 40570K [0x00000000c0000000, 0x00000000c4300000, 0x00000000eab00000)
  object space 68608K, 59% used [0x00000000c0000000,0x00000000c279ea18,0x00000000c4300000)
 Metaspace       used 60994K, committed 62400K, reserved 1114112K
  class space    used 7512K, committed 8128K, reserved 1048576K
}
Event: 7.900 GC heap before
{Heap before GC invocations=44 (full 3):
 PSYoungGen      total 18944K, used 18547K [0x00000000eab00000, 0x00000000ebf00000, 0x0000000100000000)
  eden space 17408K, 100% used [0x00000000eab00000,0x00000000ebc00000,0x00000000ebc00000)
  from space 1536K, 74% used [0x00000000ebd80000,0x00000000ebe9cfa0,0x00000000ebf00000)
  to   space 1536K, 0% used [0x00000000ebc00000,0x00000000ebc00000,0x00000000ebd80000)
 ParOldGen       total 68608K, used 40570K [0x00000000c0000000, 0x00000000c4300000, 0x00000000eab00000)
  object space 68608K, 59% used [0x00000000c0000000,0x00000000c279ea18,0x00000000c4300000)
 Metaspace       used 60994K, committed 62400K, reserved 1114112K
  class space    used 7512K, committed 8128K, reserved 1048576K
}
Event: 7.900 GC heap after
{Heap after GC invocations=44 (full 3):
 PSYoungGen      total 17920K, used 320K [0x00000000eab00000, 0x00000000ebe00000, 0x0000000100000000)
  eden space 17408K, 0% used [0x00000000eab00000,0x00000000eab00000,0x00000000ebc00000)
  from space 512K, 62% used [0x00000000ebc00000,0x00000000ebc50000,0x00000000ebc80000)
  to   space 1024K, 0% used [0x00000000ebd00000,0x00000000ebd00000,0x00000000ebe00000)
 ParOldGen       total 68608K, used 40634K [0x00000000c0000000, 0x00000000c4300000, 0x00000000eab00000)
  object space 68608K, 59% used [0x00000000c0000000,0x00000000c27aea18,0x00000000c4300000)
 Metaspace       used 60994K, committed 62400K, reserved 1114112K
  class space    used 7512K, committed 8128K, reserved 1048576K
}
Event: 7.947 GC heap before
{Heap before GC invocations=45 (full 3):
 PSYoungGen      total 17920K, used 17728K [0x00000000eab00000, 0x00000000ebe00000, 0x0000000100000000)
  eden space 17408K, 100% used [0x00000000eab00000,0x00000000ebc00000,0x00000000ebc00000)
  from space 512K, 62% used [0x00000000ebc00000,0x00000000ebc50000,0x00000000ebc80000)
  to   space 1024K, 0% used [0x00000000ebd00000,0x00000000ebd00000,0x00000000ebe00000)
 ParOldGen       total 68608K, used 40634K [0x00000000c0000000, 0x00000000c4300000, 0x00000000eab00000)
  object space 68608K, 59% used [0x00000000c0000000,0x00000000c27aea18,0x00000000c4300000)
 Metaspace       used 60994K, committed 62400K, reserved 1114112K
  class space    used 7512K, committed 8128K, reserved 1048576K
}
Event: 7.948 GC heap after
{Heap after GC invocations=45 (full 3):
 PSYoungGen      total 17920K, used 288K [0x00000000eab00000, 0x00000000ebd80000, 0x0000000100000000)
  eden space 17408K, 0% used [0x00000000eab00000,0x00000000eab00000,0x00000000ebc00000)
  from space 512K, 56% used [0x00000000ebd00000,0x00000000ebd48000,0x00000000ebd80000)
  to   space 512K, 0% used [0x00000000ebc00000,0x00000000ebc00000,0x00000000ebc80000)
 ParOldGen       total 68608K, used 40793K [0x00000000c0000000, 0x00000000c4300000, 0x00000000eab00000)
  object space 68608K, 59% used [0x00000000c0000000,0x00000000c27d6438,0x00000000c4300000)
 Metaspace       used 60994K, committed 62400K, reserved 1114112K
  class space    used 7512K, committed 8128K, reserved 1048576K
}
Event: 8.263 GC heap before
{Heap before GC invocations=46 (full 3):
 PSYoungGen      total 17920K, used 17696K [0x00000000eab00000, 0x00000000ebd80000, 0x0000000100000000)
  eden space 17408K, 100% used [0x00000000eab00000,0x00000000ebc00000,0x00000000ebc00000)
  from space 512K, 56% used [0x00000000ebd00000,0x00000000ebd48000,0x00000000ebd80000)
  to   space 512K, 0% used [0x00000000ebc00000,0x00000000ebc00000,0x00000000ebc80000)
 ParOldGen       total 68608K, used 40793K [0x00000000c0000000, 0x00000000c4300000, 0x00000000eab00000)
  object space 68608K, 59% used [0x00000000c0000000,0x00000000c27d6438,0x00000000c4300000)
 Metaspace       used 62661K, committed 64000K, reserved 1114112K
  class space    used 7738K, committed 8384K, reserved 1048576K
}
Event: 8.265 GC heap after
{Heap after GC invocations=46 (full 3):
 PSYoungGen      total 17920K, used 496K [0x00000000eab00000, 0x00000000ebe00000, 0x0000000100000000)
  eden space 17408K, 0% used [0x00000000eab00000,0x00000000eab00000,0x00000000ebc00000)
  from space 512K, 96% used [0x00000000ebc00000,0x00000000ebc7c020,0x00000000ebc80000)
  to   space 1024K, 0% used [0x00000000ebd00000,0x00000000ebd00000,0x00000000ebe00000)
 ParOldGen       total 68608K, used 41137K [0x00000000c0000000, 0x00000000c4300000, 0x00000000eab00000)
  object space 68608K, 59% used [0x00000000c0000000,0x00000000c282c448,0x00000000c4300000)
 Metaspace       used 62661K, committed 64000K, reserved 1114112K
  class space    used 7738K, committed 8384K, reserved 1048576K
}
Event: 8.356 GC heap before
{Heap before GC invocations=47 (full 3):
 PSYoungGen      total 17920K, used 17904K [0x00000000eab00000, 0x00000000ebe00000, 0x0000000100000000)
  eden space 17408K, 100% used [0x00000000eab00000,0x00000000ebc00000,0x00000000ebc00000)
  from space 512K, 96% used [0x00000000ebc00000,0x00000000ebc7c020,0x00000000ebc80000)
  to   space 1024K, 0% used [0x00000000ebd00000,0x00000000ebd00000,0x00000000ebe00000)
 ParOldGen       total 68608K, used 41137K [0x00000000c0000000, 0x00000000c4300000, 0x00000000eab00000)
  object space 68608K, 59% used [0x00000000c0000000,0x00000000c282c448,0x00000000c4300000)
 Metaspace       used 62753K, committed 64128K, reserved 1114112K
  class space    used 7738K, committed 8384K, reserved 1048576K
}
Event: 8.357 GC heap after
{Heap after GC invocations=47 (full 3):
 PSYoungGen      total 17920K, used 160K [0x00000000eab00000, 0x00000000ebd80000, 0x0000000100000000)
  eden space 17408K, 0% used [0x00000000eab00000,0x00000000eab00000,0x00000000ebc00000)
  from space 512K, 31% used [0x00000000ebd00000,0x00000000ebd28000,0x00000000ebd80000)
  to   space 512K, 0% used [0x00000000ebc00000,0x00000000ebc00000,0x00000000ebc80000)
 ParOldGen       total 68608K, used 41653K [0x00000000c0000000, 0x00000000c4300000, 0x00000000eab00000)
  object space 68608K, 60% used [0x00000000c0000000,0x00000000c28ad488,0x00000000c4300000)
 Metaspace       used 62753K, committed 64128K, reserved 1114112K
  class space    used 7738K, committed 8384K, reserved 1048576K
}
Event: 8.473 GC heap before
{Heap before GC invocations=48 (full 3):
 PSYoungGen      total 17920K, used 17568K [0x00000000eab00000, 0x00000000ebd80000, 0x0000000100000000)
  eden space 17408K, 100% used [0x00000000eab00000,0x00000000ebc00000,0x00000000ebc00000)
  from space 512K, 31% used [0x00000000ebd00000,0x00000000ebd28000,0x00000000ebd80000)
  to   space 512K, 0% used [0x00000000ebc00000,0x00000000ebc00000,0x00000000ebc80000)
 ParOldGen       total 68608K, used 41653K [0x00000000c0000000, 0x00000000c4300000, 0x00000000eab00000)
  object space 68608K, 60% used [0x00000000c0000000,0x00000000c28ad488,0x00000000c4300000)
 Metaspace       used 63068K, committed 64512K, reserved 1114112K
  class space    used 7787K, committed 8448K, reserved 1048576K
}
Event: 8.474 GC heap after
{Heap after GC invocations=48 (full 3):
 PSYoungGen      total 17920K, used 512K [0x00000000eab00000, 0x00000000ec300000, 0x0000000100000000)
  eden space 17408K, 0% used [0x00000000eab00000,0x00000000eab00000,0x00000000ebc00000)
  from space 512K, 100% used [0x00000000ebc00000,0x00000000ebc80000,0x00000000ebc80000)
  to   space 3584K, 0% used [0x00000000ebf80000,0x00000000ebf80000,0x00000000ec300000)
 ParOldGen       total 68608K, used 44075K [0x00000000c0000000, 0x00000000c4300000, 0x00000000eab00000)
  object space 68608K, 64% used [0x00000000c0000000,0x00000000c2b0ac20,0x00000000c4300000)
 Metaspace       used 63068K, committed 64512K, reserved 1114112K
  class space    used 7787K, committed 8448K, reserved 1048576K
}
Event: 9.032 GC heap before
{Heap before GC invocations=49 (full 3):
 PSYoungGen      total 17920K, used 17920K [0x00000000eab00000, 0x00000000ec300000, 0x0000000100000000)
  eden space 17408K, 100% used [0x00000000eab00000,0x00000000ebc00000,0x00000000ebc00000)
  from space 512K, 100% used [0x00000000ebc00000,0x00000000ebc80000,0x00000000ebc80000)
  to   space 3584K, 0% used [0x00000000ebf80000,0x00000000ebf80000,0x00000000ec300000)
 ParOldGen       total 68608K, used 44075K [0x00000000c0000000, 0x00000000c4300000, 0x00000000eab00000)
  object space 68608K, 64% used [0x00000000c0000000,0x00000000c2b0ac20,0x00000000c4300000)
 Metaspace       used 63523K, committed 64960K, reserved 1114112K
  class space    used 7839K, committed 8512K, reserved 1048576K
}
Event: 9.032 GC heap after
{Heap after GC invocations=49 (full 3):
 PSYoungGen      total 18432K, used 659K [0x00000000eab00000, 0x00000000ec080000, 0x0000000100000000)
  eden space 17408K, 0% used [0x00000000eab00000,0x00000000eab00000,0x00000000ebc00000)
  from space 1024K, 64% used [0x00000000ebf80000,0x00000000ec024e98,0x00000000ec080000)
  to   space 1536K, 0% used [0x00000000ebd80000,0x00000000ebd80000,0x00000000ebf00000)
 ParOldGen       total 68608K, used 44566K [0x00000000c0000000, 0x00000000c4300000, 0x00000000eab00000)
  object space 68608K, 64% used [0x00000000c0000000,0x00000000c2b85810,0x00000000c4300000)
 Metaspace       used 63523K, committed 64960K, reserved 1114112K
  class space    used 7839K, committed 8512K, reserved 1048576K
}
Event: 9.104 GC heap before
{Heap before GC invocations=50 (full 3):
 PSYoungGen      total 18432K, used 18067K [0x00000000eab00000, 0x00000000ec080000, 0x0000000100000000)
  eden space 17408K, 100% used [0x00000000eab00000,0x00000000ebc00000,0x00000000ebc00000)
  from space 1024K, 64% used [0x00000000ebf80000,0x00000000ec024e98,0x00000000ec080000)
  to   space 1536K, 0% used [0x00000000ebd80000,0x00000000ebd80000,0x00000000ebf00000)
 ParOldGen       total 68608K, used 44566K [0x00000000c0000000, 0x00000000c4300000, 0x00000000eab00000)
  object space 68608K, 64% used [0x00000000c0000000,0x00000000c2b85810,0x00000000c4300000)
 Metaspace       used 63524K, committed 64960K, reserved 1114112K
  class space    used 7839K, committed 8512K, reserved 1048576K
}
Event: 9.104 GC heap after
{Heap after GC invocations=50 (full 3):
 PSYoungGen      total 18944K, used 128K [0x00000000eab00000, 0x00000000ec000000, 0x0000000100000000)
  eden space 17408K, 0% used [0x00000000eab00000,0x00000000eab00000,0x00000000ebc00000)
  from space 1536K, 8% used [0x00000000ebd80000,0x00000000ebda0000,0x00000000ebf00000)
  to   space 512K, 0% used [0x00000000ebf80000,0x00000000ebf80000,0x00000000ec000000)
 ParOldGen       total 68608K, used 45069K [0x00000000c0000000, 0x00000000c4300000, 0x00000000eab00000)
  object space 68608K, 65% used [0x00000000c0000000,0x00000000c2c036d8,0x00000000c4300000)
 Metaspace       used 63524K, committed 64960K, reserved 1114112K
  class space    used 7839K, committed 8512K, reserved 1048576K
}
Event: 9.243 GC heap before
{Heap before GC invocations=51 (full 3):
 PSYoungGen      total 18944K, used 17536K [0x00000000eab00000, 0x00000000ec000000, 0x0000000100000000)
  eden space 17408K, 100% used [0x00000000eab00000,0x00000000ebc00000,0x00000000ebc00000)
  from space 1536K, 8% used [0x00000000ebd80000,0x00000000ebda0000,0x00000000ebf00000)
  to   space 512K, 0% used [0x00000000ebf80000,0x00000000ebf80000,0x00000000ec000000)
 ParOldGen       total 68608K, used 45069K [0x00000000c0000000, 0x00000000c4300000, 0x00000000eab00000)
  object space 68608K, 65% used [0x00000000c0000000,0x00000000c2c036d8,0x00000000c4300000)
 Metaspace       used 64063K, committed 65536K, reserved 1114112K
  class space    used 7893K, committed 8576K, reserved 1048576K
}
Event: 9.244 GC heap after
{Heap after GC invocations=51 (full 3):
 PSYoungGen      total 17920K, used 504K [0x00000000eab00000, 0x00000000ec000000, 0x0000000100000000)
  eden space 17408K, 0% used [0x00000000eab00000,0x00000000eab00000,0x00000000ebc00000)
  from space 512K, 98% used [0x00000000ebf80000,0x00000000ebffe1a8,0x00000000ec000000)
  to   space 1024K, 0% used [0x00000000ebe00000,0x00000000ebe00000,0x00000000ebf00000)
 ParOldGen       total 68608K, used 45149K [0x00000000c0000000, 0x00000000c4300000, 0x00000000eab00000)
  object space 68608K, 65% used [0x00000000c0000000,0x00000000c2c176e8,0x00000000c4300000)
 Metaspace       used 64063K, committed 65536K, reserved 1114112K
  class space    used 7893K, committed 8576K, reserved 1048576K
}

