# JRE version: Java(TM) SE Runtime Environment 18.9 (11.0.25+9) (build 11.0.25+9-LTS-256)
# Java VM: Java HotSpot(TM) 64-Bit Server VM 18.9 (11.0.25+9-LTS-256, mixed mode, tiered, compressed oops, g1 gc, windows-amd64)
Heap:
 garbage-first heap   total 258048K, used 120121K [0x0000000080000000, 0x0000000100000000)
  region size 1024K, 72 young (73728K), 19 survivors (19456K)
 Metaspace       used 64794K, capacity 67538K, committed 67792K, reserved 1107968K
  class space    used 8377K, capacity 9369K, committed 9428K, reserved 1048576K
GC Heap History (10 events):
Event: 6.423 GC heap before
{Heap before GC invocations=7 (full 0):
 garbage-first heap   total 258048K, used 178329K [0x0000000080000000, 0x0000000100000000)
  region size 1024K, 151 young (154624K), 8 survivors (8192K)
 Metaspace       used 46749K, capacity 48256K, committed 48336K, reserved 1091584K
  class space    used 6030K, capacity 6588K, committed 6612K, reserved 1048576K
}
Event: 6.430 GC heap after
{Heap after GC invocations=8 (full 0):
 garbage-first heap   total 258048K, used 37175K [0x0000000080000000, 0x0000000100000000)
  region size 1024K, 17 young (17408K), 17 survivors (17408K)
 Metaspace       used 46749K, capacity 48256K, committed 48336K, reserved 1091584K
  class space    used 6030K, capacity 6588K, committed 6612K, reserved 1048576K
}
Event: 7.455 GC heap before
{Heap before GC invocations=8 (full 0):
 garbage-first heap   total 258048K, used 174391K [0x0000000080000000, 0x0000000100000000)
  region size 1024K, 151 young (154624K), 17 survivors (17408K)
 Metaspace       used 54053K, capacity 55959K, committed 56272K, reserved 1097728K
  class space    used 7127K, capacity 7815K, committed 7892K, reserved 1048576K
}
Event: 7.463 GC heap after
{Heap after GC invocations=9 (full 0):
 garbage-first heap   total 258048K, used 42492K [0x0000000080000000, 0x0000000100000000)
  region size 1024K, 16 young (16384K), 16 survivors (16384K)
 Metaspace       used 54053K, capacity 55959K, committed 56272K, reserved 1097728K
  class space    used 7127K, capacity 7815K, committed 7892K, reserved 1048576K
}
Event: 8.993 GC heap before
{Heap before GC invocations=9 (full 0):
 garbage-first heap   total 258048K, used 103932K [0x0000000080000000, 0x0000000100000000)
  region size 1024K, 76 young (77824K), 16 survivors (16384K)
 Metaspace       used 58167K, capacity 60394K, committed 60496K, reserved 1101824K
  class space    used 7687K, capacity 8473K, committed 8532K, reserved 1048576K
}
Event: 8.999 GC heap after
{Heap after GC invocations=10 (full 0):
 garbage-first heap   total 258048K, used 44707K [0x0000000080000000, 0x0000000100000000)
  region size 1024K, 9 young (9216K), 9 survivors (9216K)
 Metaspace       used 58167K, capacity 60394K, committed 60496K, reserved 1101824K
  class space    used 7687K, capacity 8473K, committed 8532K, reserved 1048576K
}
Event: 11.591 GC heap before
{Heap before GC invocations=11 (full 0):
 garbage-first heap   total 258048K, used 190115K [0x0000000080000000, 0x0000000100000000)
  region size 1024K, 151 young (154624K), 9 survivors (9216K)
 Metaspace       used 59986K, capacity 62264K, committed 62416K, reserved 1103872K
  class space    used 7822K, capacity 8653K, committed 8660K, reserved 1048576K
}
Event: 11.600 GC heap after
{Heap after GC invocations=12 (full 0):
 garbage-first heap   total 258048K, used 51601K [0x0000000080000000, 0x0000000100000000)
  region size 1024K, 15 young (15360K), 15 survivors (15360K)
 Metaspace       used 59986K, capacity 62264K, committed 62416K, reserved 1103872K
  class space    used 7822K, capacity 8653K, committed 8660K, reserved 1048576K
}
Event: 13.190 GC heap before
{Heap before GC invocations=12 (full 0):
 garbage-first heap   total 258048K, used 197009K [0x0000000080000000, 0x0000000100000000)
  region size 1024K, 151 young (154624K), 15 survivors (15360K)
 Metaspace       used 64094K, capacity 66780K, committed 67024K, reserved 1107968K
  class space    used 8344K, capacity 9322K, committed 9428K, reserved 1048576K
}
Event: 13.200 GC heap after
{Heap after GC invocations=13 (full 0):
 garbage-first heap   total 258048K, used 66873K [0x0000000080000000, 0x0000000100000000)
  region size 1024K, 19 young (19456K), 19 survivors (19456K)
 Metaspace       used 64094K, capacity 66780K, committed 67024K, reserved 1107968K
  class space    used 8344K, capacity 9322K, committed 9428K, reserved 1048576K
}

